{"meta": {"format": 3, "version": "7.12.0", "timestamp": "2026-02-03T14:24:36.803523", "branch_coverage": false, "show_contexts": false}, "files": {"src/__init__.py": {"executed_lines": [1, 3, 4], "summary": {"covered_lines": 2, "num_statements": 2, "percent_covered": 100.0, "percent_covered_display": "100.00", "missing_lines": 0, "excluded_lines": 0, "percent_statements_covered": 100.0, "percent_statements_covered_display": "100.00"}, "missing_lines": [], "excluded_lines": [], "functions": {"": {"executed_lines": [1, 3, 4], "summary": {"covered_lines": 2, "num_statements": 2, "percent_covered": 100.0, "percent_covered_display": "100.00", "missing_lines": 0, "excluded_lines": 0, "percent_statements_covered": 100.0, "percent_statements_covered_display": "100.00"}, "missing_lines": [], "excluded_lines": []}}, "classes": {"": {"executed_lines": [1, 3, 4], "summary": {"covered_lines": 2, "num_statements": 2, "percent_covered": 100.0, "percent_covered_display": "100.00", "missing_lines": 0, "excluded_lines": 0, "percent_statements_covered": 100.0, "percent_statements_covered_display": "100.00"}, "missing_lines": [], "excluded_lines": []}}}, "src/core/__init__.py": {"executed_lines": [1, 3, 4, 5, 6, 7, 8, 9, 10, 11, 12, 13, 14, 15, 16, 17, 18, 19, 20, 21, 29, 30, 31, 32, 33, 34, 35, 36, 37, 38, 39, 40, 41, 42, 44], "summary": {"covered_lines": 34, "num_statements": 34, "percent_covered": 100.0, "percent_covered_display": "100.00", "missing_lines": 0, "excluded_lines": 0, "percent_statements_covered": 100.0, "percent_statements_covered_display": "100.00"}, "missing_lines": [], "excluded_lines": [], "functions": {"": {"executed_lines": [1, 3, 4, 5, 6, 7, 8, 9, 10, 11, 12, 13, 14, 15, 16, 17, 18, 19, 20, 21, 29, 30, 31, 32, 33, 34, 35, 36, 37, 38, 39, 40, 41, 42, 44], "summary": {"covered_lines": 34, "num_statements": 34, "percent_covered": 100.0, "percent_covered_display": "100.00", "missing_lines": 0, "excluded_lines": 0, "percent_statements_covered": 100.0, "percent_statements_covered_display": "100.00"}, "missing_lines": [], "excluded_lines": []}}, "classes": {"": {"executed_lines": [1, 3, 4, 5, 6, 7, 8, 9, 10, 11, 12, 13, 14, 15, 16, 17, 18, 19, 20, 21, 29, 30, 31, 32, 33, 34, 35, 36, 37, 38, 39, 40, 41, 42, 44], "summary": {"covered_lines": 34, "num_statements": 34, "percent_covered": 100.0, "percent_covered_display": "100.00", "missing_lines": 0, "excluded_lines": 0, "percent_statements_covered": 100.0, "percent_statements_covered_display": "100.00"}, "missing_lines": [], "excluded_lines": []}}}, "src/core/background_tasks.py": {"executed_lines": [1, 14, 15, 16, 17, 18, 19, 20, 21, 23, 26, 27, 29, 30, 31, 32, 33, 36, 37, 38, 40, 41, 42, 43, 44, 45, 46, 47, 48, 49, 50, 51, 52, 54, 71, 78, 84, 85, 111, 122, 198, 253, 257, 264, 284, 299, 305, 328, 352, 356, 360, 387, 390], "summary": {"covered_lines": 49, "num_statements": 163, "percent_covered": 30.061349693251532, "percent_covered_display": "30.06", "missing_lines": 114, "excluded_lines": 0, "percent_statements_covered": 30.061349693251532, "percent_statements_covered_display": "30.06"}, "missing_lines": [56, 73, 74, 75, 76, 80, 81, 118, 119, 120, 144, 145, 150, 151, 157, 160, 161, 162, 163, 165, 166, 167, 168, 169, 170, 172, 173, 174, 175, 177, 178, 179, 180, 183, 184, 186, 187, 188, 189, 190, 193, 194, 196, 218, 219, 228, 229, 232, 233, 234, 236, 237, 238, 239, 240, 241, 242, 243, 244, 245, 246, 248, 249, 251, 255, 259, 260, 261, 262, 275, 276, 277, 279, 280, 281, 282, 293, 294, 295, 296, 297, 301, 302, 303, 318, 320, 321, 324, 326, 338, 339, 340, 342, 343, 345, 346, 347, 348, 350, 354, 358, 367, 368, 370, 371, 376, 377, 379, 380, 382, 383, 393, 394, 395], "excluded_lines": [], "functions": {"BackgroundTask.to_dict": {"executed_lines": [], "summary": {"covered_lines": 0, "num_statements": 1, "percent_covered": 0.0, "percent_covered_display": "0.00", "missing_lines": 1, "excluded_lines": 0, "percent_statements_covered": 0.0, "percent_statements_covered_display": "0.00"}, "missing_lines": [56], "excluded_lines": []}, "BackgroundTask._get_duration": {"executed_lines": [], "summary": {"covered_lines": 0, "num_statements": 4, "percent_covered": 0.0, "percent_covered_display": "0.00", "missing_lines": 4, "excluded_lines": 0, "percent_statements_covered": 0.0, "percent_statements_covered_display": "0.00"}, "missing_lines": [73, 74, 75, 76], "excluded_lines": []}, "BackgroundTask.append_output": {"executed_lines": [], "summary": {"covered_lines": 0, "num_statements": 2, "percent_covered": 0.0, "percent_covered_display": "0.00", "missing_lines": 2, "excluded_lines": 0, "percent_statements_covered": 0.0, "percent_statements_covered_display": "0.00"}, "missing_lines": [80, 81], "excluded_lines": []}, "BackgroundTaskManager.__init__": {"executed_lines": [], "summary": {"covered_lines": 0, "num_statements": 3, "percent_covered": 0.0, "percent_covered_display": "0.00", "missing_lines": 3, "excluded_lines": 0, "percent_statements_covered": 0.0, "percent_statements_covered_display": "0.00"}, "missing_lines": [118, 119, 120], "excluded_lines": []}, "BackgroundTaskManager.start_task": {"executed_lines": [], "summary": {"covered_lines": 0, "num_statements": 9, "percent_covered": 0.0, "percent_covered_display": "0.00", "missing_lines": 9, "excluded_lines": 0, "percent_statements_covered": 0.0, "percent_statements_covered_display": "0.00"}, "missing_lines": [144, 145, 150, 151, 157, 160, 193, 194, 196], "excluded_lines": []}, "BackgroundTaskManager.start_task.run_task": {"executed_lines": [], "summary": {"covered_lines": 0, "num_statements": 24, "percent_covered": 0.0, "percent_covered_display": "0.00", "missing_lines": 24, "excluded_lines": 0, "percent_statements_covered": 0.0, "percent_statements_covered_display": "0.00"}, "missing_lines": [161, 162, 163, 165, 166, 167, 168, 169, 170, 172, 173, 174, 175, 177, 178, 179, 180, 183, 184, 186, 187, 188, 189, 190], "excluded_lines": []}, "BackgroundTaskManager.background_current": {"executed_lines": [], "summary": {"covered_lines": 0, "num_statements": 8, "percent_covered": 0.0, "percent_covered_display": "0.00", "missing_lines": 8, "excluded_lines": 0, "percent_statements_covered": 0.0, "percent_statements_covered_display": "0.00"}, "missing_lines": [218, 219, 228, 229, 232, 248, 249, 251], "excluded_lines": []}, "BackgroundTaskManager.background_current.on_done": {"executed_lines": [], "summary": {"covered_lines": 0, "num_statements": 13, "percent_covered": 0.0, "percent_covered_display": "0.00", "missing_lines": 13, "excluded_lines": 0, "percent_statements_covered": 0.0, "percent_statements_covered_display": "0.00"}, "missing_lines": [233, 234, 236, 237, 238, 239, 240, 241, 242, 243, 244, 245, 246], "excluded_lines": []}, "BackgroundTaskManager.get_task": {"executed_lines": [], "summary": {"covered_lines": 0, "num_statements": 1, "percent_covered": 0.0, "percent_covered_display": "0.00", "missing_lines": 1, "excluded_lines": 0, "percent_statements_covered": 0.0, "percent_statements_covered_display": "0.00"}, "missing_lines": [255], "excluded_lines": []}, "BackgroundTaskManager.get_task_status": {"executed_lines": [], "summary": {"covered_lines": 0, "num_statements": 4, "percent_covered": 0.0, "percent_covered_display": "0.00", "missing_lines": 4, "excluded_lines": 0, "percent_statements_covered": 0.0, "percent_statements_covered_display": "0.00"}, "missing_lines": [259, 260, 261, 262], "excluded_lines": []}, "BackgroundTaskManager.get_task_output": {"executed_lines": [], "summary": {"covered_lines": 0, "num_statements": 7, "percent_covered": 0.0, "percent_covered_display": "0.00", "missing_lines": 7, "excluded_lines": 0, "percent_statements_covered": 0.0, "percent_statements_covered_display": "0.00"}, "missing_lines": [275, 276, 277, 279, 280, 281, 282], "excluded_lines": []}, "BackgroundTaskManager.update_task_progress": {"executed_lines": [], "summary": {"covered_lines": 0, "num_statements": 5, "percent_covered": 0.0, "percent_covered_display": "0.00", "missing_lines": 5, "excluded_lines": 0, "percent_statements_covered": 0.0, "percent_statements_covered_display": "0.00"}, "missing_lines": [293, 294, 295, 296, 297], "excluded_lines": []}, "BackgroundTaskManager.update_task_tokens": {"executed_lines": [], "summary": {"covered_lines": 0, "num_statements": 3, "percent_covered": 0.0, "percent_covered_display": "0.00", "missing_lines": 3, "excluded_lines": 0, "percent_statements_covered": 0.0, "percent_statements_covered_display": "0.00"}, "missing_lines": [301, 302, 303], "excluded_lines": []}, "BackgroundTaskManager.list_tasks": {"executed_lines": [], "summary": {"covered_lines": 0, "num_statements": 5, "percent_covered": 0.0, "percent_covered_display": "0.00", "missing_lines": 5, "excluded_lines": 0, "percent_statements_covered": 0.0, "percent_statements_covered_display": "0.00"}, "missing_lines": [318, 320, 321, 324, 326], "excluded_lines": []}, "BackgroundTaskManager.cancel_task": {"executed_lines": [], "summary": {"covered_lines": 0, "num_statements": 10, "percent_covered": 0.0, "percent_covered_display": "0.00", "missing_lines": 10, "excluded_lines": 0, "percent_statements_covered": 0.0, "percent_statements_covered_display": "0.00"}, "missing_lines": [338, 339, 340, 342, 343, 345, 346, 347, 348, 350], "excluded_lines": []}, "BackgroundTaskManager.get_running_tasks": {"executed_lines": [], "summary": {"covered_lines": 0, "num_statements": 1, "percent_covered": 0.0, "percent_covered_display": "0.00", "missing_lines": 1, "excluded_lines": 0, "percent_statements_covered": 0.0, "percent_statements_covered_display": "0.00"}, "missing_lines": [354], "excluded_lines": []}, "BackgroundTaskManager.get_running_count": {"executed_lines": [], "summary": {"covered_lines": 0, "num_statements": 1, "percent_covered": 0.0, "percent_covered_display": "0.00", "missing_lines": 1, "excluded_lines": 0, "percent_statements_covered": 0.0, "percent_statements_covered_display": "0.00"}, "missing_lines": [358], "excluded_lines": []}, "BackgroundTaskManager.cleanup_completed": {"executed_lines": [], "summary": {"covered_lines": 0, "num_statements": 10, "percent_covered": 0.0, "percent_covered_display": "0.00", "missing_lines": 10, "excluded_lines": 0, "percent_statements_covered": 0.0, "percent_statements_covered_display": "0.00"}, "missing_lines": [367, 368, 370, 371, 376, 377, 379, 380, 382, 383], "excluded_lines": []}, "get_task_manager": {"executed_lines": [], "summary": {"covered_lines": 0, "num_statements": 3, "percent_covered": 0.0, "percent_covered_display": "0.00", "missing_lines": 3, "excluded_lines": 0, "percent_statements_covered": 0.0, "percent_statements_covered_display": "0.00"}, "missing_lines": [393, 394, 395], "excluded_lines": []}, "": {"executed_lines": [1, 14, 15, 16, 17, 18, 19, 20, 21, 23, 26, 27, 29, 30, 31, 32, 33, 36, 37, 38, 40, 41, 42, 43, 44, 45, 46, 47, 48, 49, 50, 51, 52, 54, 71, 78, 84, 85, 111, 122, 198, 253, 257, 264, 284, 299, 305, 328, 352, 356, 360, 387, 390], "summary": {"covered_lines": 49, "num_statements": 49, "percent_covered": 100.0, "percent_covered_display": "100.00", "missing_lines": 0, "excluded_lines": 0, "percent_statements_covered": 100.0, "percent_statements_covered_display": "100.00"}, "missing_lines": [], "excluded_lines": []}}, "classes": {"TaskStatus": {"executed_lines": [], "summary": {"covered_lines": 0, "num_statements": 0, "percent_covered": 100.0, "percent_covered_display": "100.00", "missing_lines": 0, "excluded_lines": 0, "percent_statements_covered": 100.0, "percent_statements_covered_display": "100.00"}, "missing_lines": [], "excluded_lines": []}, "BackgroundTask": {"executed_lines": [], "summary": {"covered_lines": 0, "num_statements": 7, "percent_covered": 0.0, "percent_covered_display": "0.00", "missing_lines": 7, "excluded_lines": 0, "percent_statements_covered": 0.0, "percent_statements_covered_display": "0.00"}, "missing_lines": [56, 73, 74, 75, 76, 80, 81], "excluded_lines": []}, "BackgroundTaskManager": {"executed_lines": [], "summary": {"covered_lines": 0, "num_statements": 104, "percent_covered": 0.0, "percent_covered_display": "0.00", "missing_lines": 104, "excluded_lines": 0, "percent_statements_covered": 0.0, "percent_statements_covered_display": "0.00"}, "missing_lines": [118, 119, 120, 144, 145, 150, 151, 157, 160, 161, 162, 163, 165, 166, 167, 168, 169, 170, 172, 173, 174, 175, 177, 178, 179, 180, 183, 184, 186, 187, 188, 189, 190, 193, 194, 196, 218, 219, 228, 229, 232, 233, 234, 236, 237, 238, 239, 240, 241, 242, 243, 244, 245, 246, 248, 249, 251, 255, 259, 260, 261, 262, 275, 276, 277, 279, 280, 281, 282, 293, 294, 295, 296, 297, 301, 302, 303, 318, 320, 321, 324, 326, 338, 339, 340, 342, 343, 345, 346, 347, 348, 350, 354, 358, 367, 368, 370, 371, 376, 377, 379, 380, 382, 383], "excluded_lines": []}, "": {"executed_lines": [1, 14, 15, 16, 17, 18, 19, 20, 21, 23, 26, 27, 29, 30, 31, 32, 33, 36, 37, 38, 40, 41, 42, 43, 44, 45, 46, 47, 48, 49, 50, 51, 52, 54, 71, 78, 84, 85, 111, 122, 198, 253, 257, 264, 284, 299, 305, 328, 352, 356, 360, 387, 390], "summary": {"covered_lines": 49, "num_statements": 52, "percent_covered": 94.23076923076923, "percent_covered_display": "94.23", "missing_lines": 3, "excluded_lines": 0, "percent_statements_covered": 94.23076923076923, "percent_statements_covered_display": "94.23"}, "missing_lines": [393, 394, 395], "excluded_lines": []}}}, "src/core/browser.py": {"executed_lines": [1, 14, 15, 16, 17, 19, 22, 23, 24, 26, 27, 28, 29, 30, 31, 32, 35, 36, 37, 39, 40, 41, 42, 44, 53, 54, 77, 100, 104, 158, 180, 203, 223, 244, 266, 286, 307, 330, 349, 369, 407, 427, 446, 465, 476, 496, 508, 514, 517], "summary": {"covered_lines": 45, "num_statements": 235, "percent_covered": 19.148936170212767, "percent_covered_display": "19.15", "missing_lines": 190, "excluded_lines": 0, "percent_statements_covered": 19.148936170212767, "percent_statements_covered_display": "19.15"}, "missing_lines": [45, 84, 85, 86, 87, 88, 89, 92, 93, 94, 95, 96, 102, 111, 112, 113, 115, 116, 118, 121, 122, 123, 124, 126, 129, 135, 142, 143, 145, 148, 149, 151, 152, 154, 155, 156, 160, 161, 162, 163, 164, 165, 166, 167, 168, 170, 171, 172, 173, 175, 177, 178, 191, 192, 193, 195, 196, 197, 198, 199, 200, 201, 213, 214, 216, 217, 218, 219, 220, 221, 234, 235, 237, 238, 239, 240, 241, 242, 256, 257, 259, 260, 261, 262, 263, 264, 276, 277, 279, 280, 281, 282, 283, 284, 297, 298, 300, 301, 302, 303, 304, 305, 320, 321, 323, 324, 325, 326, 327, 328, 340, 341, 343, 344, 345, 346, 347, 360, 361, 363, 364, 365, 366, 367, 386, 387, 389, 390, 392, 393, 395, 396, 397, 398, 399, 401, 403, 404, 405, 417, 418, 420, 421, 422, 423, 424, 425, 437, 438, 440, 441, 442, 443, 444, 448, 449, 451, 452, 453, 455, 461, 462, 463, 467, 468, 470, 471, 472, 473, 474, 486, 487, 489, 490, 491, 492, 493, 494, 498, 499, 501, 502, 503, 504, 505, 506, 510, 520, 521, 522], "excluded_lines": [], "functions": {"PageInfo.to_dict": {"executed_lines": [], "summary": {"covered_lines": 0, "num_statements": 1, "percent_covered": 0.0, "percent_covered_display": "0.00", "missing_lines": 1, "excluded_lines": 0, "percent_statements_covered": 0.0, "percent_statements_covered_display": "0.00"}, "missing_lines": [45], "excluded_lines": []}, "BrowserManager.__init__": {"executed_lines": [], "summary": {"covered_lines": 0, "num_statements": 11, "percent_covered": 0.0, "percent_covered_display": "0.00", "missing_lines": 11, "excluded_lines": 0, "percent_statements_covered": 0.0, "percent_statements_covered_display": "0.00"}, "missing_lines": [84, 85, 86, 87, 88, 89, 92, 93, 94, 95, 96], "excluded_lines": []}, "BrowserManager.is_available": {"executed_lines": [], "summary": {"covered_lines": 0, "num_statements": 1, "percent_covered": 0.0, "percent_covered_display": "0.00", "missing_lines": 1, "excluded_lines": 0, "percent_statements_covered": 0.0, "percent_statements_covered_display": "0.00"}, "missing_lines": [102], "excluded_lines": []}, "BrowserManager.launch": {"executed_lines": [], "summary": {"covered_lines": 0, "num_statements": 23, "percent_covered": 0.0, "percent_covered_display": "0.00", "missing_lines": 23, "excluded_lines": 0, "percent_statements_covered": 0.0, "percent_statements_covered_display": "0.00"}, "missing_lines": [111, 112, 113, 115, 116, 118, 121, 122, 123, 124, 126, 129, 135, 142, 143, 145, 148, 149, 151, 152, 154, 155, 156], "excluded_lines": []}, "BrowserManager.close": {"executed_lines": [], "summary": {"covered_lines": 0, "num_statements": 16, "percent_covered": 0.0, "percent_covered_display": "0.00", "missing_lines": 16, "excluded_lines": 0, "percent_statements_covered": 0.0, "percent_statements_covered_display": "0.00"}, "missing_lines": [160, 161, 162, 163, 164, 165, 166, 167, 168, 170, 171, 172, 173, 175, 177, 178], "excluded_lines": []}, "BrowserManager.navigate": {"executed_lines": [], "summary": {"covered_lines": 0, "num_statements": 10, "percent_covered": 0.0, "percent_covered_display": "0.00", "missing_lines": 10, "excluded_lines": 0, "percent_statements_covered": 0.0, "percent_statements_covered_display": "0.00"}, "missing_lines": [191, 192, 193, 195, 196, 197, 198, 199, 200, 201], "excluded_lines": []}, "BrowserManager.click": {"executed_lines": [], "summary": {"covered_lines": 0, "num_statements": 8, "percent_covered": 0.0, "percent_covered_display": "0.00", "missing_lines": 8, "excluded_lines": 0, "percent_statements_covered": 0.0, "percent_statements_covered_display": "0.00"}, "missing_lines": [213, 214, 216, 217, 218, 219, 220, 221], "excluded_lines": []}, "BrowserManager.fill": {"executed_lines": [], "summary": {"covered_lines": 0, "num_statements": 8, "percent_covered": 0.0, "percent_covered_display": "0.00", "missing_lines": 8, "excluded_lines": 0, "percent_statements_covered": 0.0, "percent_statements_covered_display": "0.00"}, "missing_lines": [234, 235, 237, 238, 239, 240, 241, 242], "excluded_lines": []}, "BrowserManager.type": {"executed_lines": [], "summary": {"covered_lines": 0, "num_statements": 8, "percent_covered": 0.0, "percent_covered_display": "0.00", "missing_lines": 8, "excluded_lines": 0, "percent_statements_covered": 0.0, "percent_statements_covered_display": "0.00"}, "missing_lines": [256, 257, 259, 260, 261, 262, 263, 264], "excluded_lines": []}, "BrowserManager.press": {"executed_lines": [], "summary": {"covered_lines": 0, "num_statements": 8, "percent_covered": 0.0, "percent_covered_display": "0.00", "missing_lines": 8, "excluded_lines": 0, "percent_statements_covered": 0.0, "percent_statements_covered_display": "0.00"}, "missing_lines": [276, 277, 279, 280, 281, 282, 283, 284], "excluded_lines": []}, "BrowserManager.select": {"executed_lines": [], "summary": {"covered_lines": 0, "num_statements": 8, "percent_covered": 0.0, "percent_covered_display": "0.00", "missing_lines": 8, "excluded_lines": 0, "percent_statements_covered": 0.0, "percent_statements_covered_display": "0.00"}, "missing_lines": [297, 298, 300, 301, 302, 303, 304, 305], "excluded_lines": []}, "BrowserManager.wait_for_selector": {"executed_lines": [], "summary": {"covered_lines": 0, "num_statements": 8, "percent_covered": 0.0, "percent_covered_display": "0.00", "missing_lines": 8, "excluded_lines": 0, "percent_statements_covered": 0.0, "percent_statements_covered_display": "0.00"}, "missing_lines": [320, 321, 323, 324, 325, 326, 327, 328], "excluded_lines": []}, "BrowserManager.get_text": {"executed_lines": [], "summary": {"covered_lines": 0, "num_statements": 7, "percent_covered": 0.0, "percent_covered_display": "0.00", "missing_lines": 7, "excluded_lines": 0, "percent_statements_covered": 0.0, "percent_statements_covered_display": "0.00"}, "missing_lines": [340, 341, 343, 344, 345, 346, 347], "excluded_lines": []}, "BrowserManager.get_attribute": {"executed_lines": [], "summary": {"covered_lines": 0, "num_statements": 7, "percent_covered": 0.0, "percent_covered_display": "0.00", "missing_lines": 7, "excluded_lines": 0, "percent_statements_covered": 0.0, "percent_statements_covered_display": "0.00"}, "missing_lines": [360, 361, 363, 364, 365, 366, 367], "excluded_lines": []}, "BrowserManager.screenshot": {"executed_lines": [], "summary": {"covered_lines": 0, "num_statements": 15, "percent_covered": 0.0, "percent_covered_display": "0.00", "missing_lines": 15, "excluded_lines": 0, "percent_statements_covered": 0.0, "percent_statements_covered_display": "0.00"}, "missing_lines": [386, 387, 389, 390, 392, 393, 395, 396, 397, 398, 399, 401, 403, 404, 405], "excluded_lines": []}, "BrowserManager.pdf": {"executed_lines": [], "summary": {"covered_lines": 0, "num_statements": 8, "percent_covered": 0.0, "percent_covered_display": "0.00", "missing_lines": 8, "excluded_lines": 0, "percent_statements_covered": 0.0, "percent_statements_covered_display": "0.00"}, "missing_lines": [417, 418, 420, 421, 422, 423, 424, 425], "excluded_lines": []}, "BrowserManager.evaluate": {"executed_lines": [], "summary": {"covered_lines": 0, "num_statements": 7, "percent_covered": 0.0, "percent_covered_display": "0.00", "missing_lines": 7, "excluded_lines": 0, "percent_statements_covered": 0.0, "percent_statements_covered_display": "0.00"}, "missing_lines": [437, 438, 440, 441, 442, 443, 444], "excluded_lines": []}, "BrowserManager.get_page_info": {"executed_lines": [], "summary": {"covered_lines": 0, "num_statements": 9, "percent_covered": 0.0, "percent_covered_display": "0.00", "missing_lines": 9, "excluded_lines": 0, "percent_statements_covered": 0.0, "percent_statements_covered_display": "0.00"}, "missing_lines": [448, 449, 451, 452, 453, 455, 461, 462, 463], "excluded_lines": []}, "BrowserManager.get_content": {"executed_lines": [], "summary": {"covered_lines": 0, "num_statements": 7, "percent_covered": 0.0, "percent_covered_display": "0.00", "missing_lines": 7, "excluded_lines": 0, "percent_statements_covered": 0.0, "percent_statements_covered_display": "0.00"}, "missing_lines": [467, 468, 470, 471, 472, 473, 474], "excluded_lines": []}, "BrowserManager.set_cookies": {"executed_lines": [], "summary": {"covered_lines": 0, "num_statements": 8, "percent_covered": 0.0, "percent_covered_display": "0.00", "missing_lines": 8, "excluded_lines": 0, "percent_statements_covered": 0.0, "percent_statements_covered_display": "0.00"}, "missing_lines": [486, 487, 489, 490, 491, 492, 493, 494], "excluded_lines": []}, "BrowserManager.clear_cookies": {"executed_lines": [], "summary": {"covered_lines": 0, "num_statements": 8, "percent_covered": 0.0, "percent_covered_display": "0.00", "missing_lines": 8, "excluded_lines": 0, "percent_statements_covered": 0.0, "percent_statements_covered_display": "0.00"}, "missing_lines": [498, 499, 501, 502, 503, 504, 505, 506], "excluded_lines": []}, "BrowserManager.is_launched": {"executed_lines": [], "summary": {"covered_lines": 0, "num_statements": 1, "percent_covered": 0.0, "percent_covered_display": "0.00", "missing_lines": 1, "excluded_lines": 0, "percent_statements_covered": 0.0, "percent_statements_covered_display": "0.00"}, "missing_lines": [510], "excluded_lines": []}, "get_browser_manager": {"executed_lines": [], "summary": {"covered_lines": 0, "num_statements": 3, "percent_covered": 0.0, "percent_covered_display": "0.00", "missing_lines": 3, "excluded_lines": 0, "percent_statements_covered": 0.0, "percent_statements_covered_display": "0.00"}, "missing_lines": [520, 521, 522], "excluded_lines": []}, "": {"executed_lines": [1, 14, 15, 16, 17, 19, 22, 23, 24, 26, 27, 28, 29, 30, 31, 32, 35, 36, 37, 39, 40, 41, 42, 44, 53, 54, 77, 100, 104, 158, 180, 203, 223, 244, 266, 286, 307, 330, 349, 369, 407, 427, 446, 465, 476, 496, 508, 514, 517], "summary": {"covered_lines": 45, "num_statements": 45, "percent_covered": 100.0, "percent_covered_display": "100.00", "missing_lines": 0, "excluded_lines": 0, "percent_statements_covered": 100.0, "percent_statements_covered_display": "100.00"}, "missing_lines": [], "excluded_lines": []}}, "classes": {"BrowserConfig": {"executed_lines": [], "summary": {"covered_lines": 0, "num_statements": 0, "percent_covered": 100.0, "percent_covered_display": "100.00", "missing_lines": 0, "excluded_lines": 0, "percent_statements_covered": 100.0, "percent_statements_covered_display": "100.00"}, "missing_lines": [], "excluded_lines": []}, "PageInfo": {"executed_lines": [], "summary": {"covered_lines": 0, "num_statements": 1, "percent_covered": 0.0, "percent_covered_display": "0.00", "missing_lines": 1, "excluded_lines": 0, "percent_statements_covered": 0.0, "percent_statements_covered_display": "0.00"}, "missing_lines": [45], "excluded_lines": []}, "BrowserManager": {"executed_lines": [], "summary": {"covered_lines": 0, "num_statements": 186, "percent_covered": 0.0, "percent_covered_display": "0.00", "missing_lines": 186, "excluded_lines": 0, "percent_statements_covered": 0.0, "percent_statements_covered_display": "0.00"}, "missing_lines": [84, 85, 86, 87, 88, 89, 92, 93, 94, 95, 96, 102, 111, 112, 113, 115, 116, 118, 121, 122, 123, 124, 126, 129, 135, 142, 143, 145, 148, 149, 151, 152, 154, 155, 156, 160, 161, 162, 163, 164, 165, 166, 167, 168, 170, 171, 172, 173, 175, 177, 178, 191, 192, 193, 195, 196, 197, 198, 199, 200, 201, 213, 214, 216, 217, 218, 219, 220, 221, 234, 235, 237, 238, 239, 240, 241, 242, 256, 257, 259, 260, 261, 262, 263, 264, 276, 277, 279, 280, 281, 282, 283, 284, 297, 298, 300, 301, 302, 303, 304, 305, 320, 321, 323, 324, 325, 326, 327, 328, 340, 341, 343, 344, 345, 346, 347, 360, 361, 363, 364, 365, 366, 367, 386, 387, 389, 390, 392, 393, 395, 396, 397, 398, 399, 401, 403, 404, 405, 417, 418, 420, 421, 422, 423, 424, 425, 437, 438, 440, 441, 442, 443, 444, 448, 449, 451, 452, 453, 455, 461, 462, 463, 467, 468, 470, 471, 472, 473, 474, 486, 487, 489, 490, 491, 492, 493, 494, 498, 499, 501, 502, 503, 504, 505, 506, 510], "excluded_lines": []}, "": {"executed_lines": [1, 14, 15, 16, 17, 19, 22, 23, 24, 26, 27, 28, 29, 30, 31, 32, 35, 36, 37, 39, 40, 41, 42, 44, 53, 54, 77, 100, 104, 158, 180, 203, 223, 244, 266, 286, 307, 330, 349, 369, 407, 427, 446, 465, 476, 496, 508, 514, 517], "summary": {"covered_lines": 45, "num_statements": 48, "percent_covered": 93.75, "percent_covered_display": "93.75", "missing_lines": 3, "excluded_lines": 0, "percent_statements_covered": 93.75, "percent_statements_covered_display": "93.75"}, "missing_lines": [520, 521, 522], "excluded_lines": []}}}, "src/core/cache.py": {"executed_lines": [1, 14, 15, 16, 17, 18, 19, 20, 21, 23, 26, 27, 28, 30, 31, 32, 33, 34, 35, 37, 38, 42, 43, 49, 50, 51, 53, 54, 55, 56, 57, 60, 61, 82, 98, 107, 128, 135, 142, 146, 150, 180, 225, 242, 249, 260, 272, 280, 286, 297, 314, 338, 368, 385, 405, 408], "summary": {"covered_lines": 52, "num_statements": 174, "percent_covered": 29.885057471264368, "percent_covered_display": "29.89", "missing_lines": 122, "excluded_lines": 1, "percent_statements_covered": 29.885057471264368, "percent_statements_covered_display": "29.89"}, "missing_lines": [40, 45, 46, 114, 115, 116, 117, 125, 126, 131, 132, 133, 137, 138, 139, 140, 144, 148, 161, 162, 164, 165, 167, 168, 169, 171, 172, 173, 174, 176, 177, 178, 196, 197, 200, 202, 203, 204, 206, 215, 216, 217, 219, 222, 223, 227, 228, 230, 231, 233, 234, 236, 237, 238, 240, 244, 245, 246, 247, 251, 252, 256, 257, 258, 262, 263, 265, 266, 268, 269, 270, 274, 275, 277, 278, 282, 283, 284, 289, 290, 293, 294, 295, 299, 300, 303, 304, 305, 306, 307, 310, 311, 312, 316, 317, 319, 321, 332, 333, 335, 336, 340, 341, 343, 344, 346, 348, 349, 351, 360, 361, 363, 365, 366, 370, 371, 375, 387, 393, 411, 412, 413], "excluded_lines": [61], "functions": {"CacheEntry.is_expired": {"executed_lines": [], "summary": {"covered_lines": 0, "num_statements": 1, "percent_covered": 0.0, "percent_covered_display": "0.00", "missing_lines": 1, "excluded_lines": 0, "percent_statements_covered": 0.0, "percent_statements_covered_display": "0.00"}, "missing_lines": [40], "excluded_lines": []}, "CacheEntry.ttl_remaining": {"executed_lines": [], "summary": {"covered_lines": 0, "num_statements": 2, "percent_covered": 0.0, "percent_covered_display": "0.00", "missing_lines": 2, "excluded_lines": 0, "percent_statements_covered": 0.0, "percent_statements_covered_display": "0.00"}, "missing_lines": [45, 46], "excluded_lines": []}, "ToolCache.__init__": {"executed_lines": [], "summary": {"covered_lines": 0, "num_statements": 6, "percent_covered": 0.0, "percent_covered_display": "0.00", "missing_lines": 6, "excluded_lines": 0, "percent_statements_covered": 0.0, "percent_statements_covered_display": "0.00"}, "missing_lines": [114, 115, 116, 117, 125, 126], "excluded_lines": []}, "ToolCache._make_key": {"executed_lines": [], "summary": {"covered_lines": 0, "num_statements": 3, "percent_covered": 0.0, "percent_covered_display": "0.00", "missing_lines": 3, "excluded_lines": 0, "percent_statements_covered": 0.0, "percent_statements_covered_display": "0.00"}, "missing_lines": [131, 132, 133], "excluded_lines": []}, "ToolCache._estimate_size": {"executed_lines": [], "summary": {"covered_lines": 0, "num_statements": 4, "percent_covered": 0.0, "percent_covered_display": "0.00", "missing_lines": 4, "excluded_lines": 0, "percent_statements_covered": 0.0, "percent_statements_covered_display": "0.00"}, "missing_lines": [137, 138, 139, 140], "excluded_lines": []}, "ToolCache.is_cacheable": {"executed_lines": [], "summary": {"covered_lines": 0, "num_statements": 1, "percent_covered": 0.0, "percent_covered_display": "0.00", "missing_lines": 1, "excluded_lines": 0, "percent_statements_covered": 0.0, "percent_statements_covered_display": "0.00"}, "missing_lines": [144], "excluded_lines": []}, "ToolCache.get_ttl": {"executed_lines": [], "summary": {"covered_lines": 0, "num_statements": 1, "percent_covered": 0.0, "percent_covered_display": "0.00", "missing_lines": 1, "excluded_lines": 0, "percent_statements_covered": 0.0, "percent_statements_covered_display": "0.00"}, "missing_lines": [148], "excluded_lines": []}, "ToolCache.get": {"executed_lines": [], "summary": {"covered_lines": 0, "num_statements": 14, "percent_covered": 0.0, "percent_covered_display": "0.00", "missing_lines": 14, "excluded_lines": 0, "percent_statements_covered": 0.0, "percent_statements_covered_display": "0.00"}, "missing_lines": [161, 162, 164, 165, 167, 168, 169, 171, 172, 173, 174, 176, 177, 178], "excluded_lines": []}, "ToolCache.set": {"executed_lines": [], "summary": {"covered_lines": 0, "num_statements": 13, "percent_covered": 0.0, "percent_covered_display": "0.00", "missing_lines": 13, "excluded_lines": 0, "percent_statements_covered": 0.0, "percent_statements_covered_display": "0.00"}, "missing_lines": [196, 197, 200, 202, 203, 204, 206, 215, 216, 217, 219, 222, 223], "excluded_lines": []}, "ToolCache.has": {"executed_lines": [], "summary": {"covered_lines": 0, "num_statements": 10, "percent_covered": 0.0, "percent_covered_display": "0.00", "missing_lines": 10, "excluded_lines": 0, "percent_statements_covered": 0.0, "percent_statements_covered_display": "0.00"}, "missing_lines": [227, 228, 230, 231, 233, 234, 236, 237, 238, 240], "excluded_lines": []}, "ToolCache.invalidate": {"executed_lines": [], "summary": {"covered_lines": 0, "num_statements": 4, "percent_covered": 0.0, "percent_covered_display": "0.00", "missing_lines": 4, "excluded_lines": 0, "percent_statements_covered": 0.0, "percent_statements_covered_display": "0.00"}, "missing_lines": [244, 245, 246, 247], "excluded_lines": []}, "ToolCache.invalidate_tool": {"executed_lines": [], "summary": {"covered_lines": 0, "num_statements": 5, "percent_covered": 0.0, "percent_covered_display": "0.00", "missing_lines": 5, "excluded_lines": 0, "percent_statements_covered": 0.0, "percent_statements_covered_display": "0.00"}, "missing_lines": [251, 252, 256, 257, 258], "excluded_lines": []}, "ToolCache.invalidate_path": {"executed_lines": [], "summary": {"covered_lines": 0, "num_statements": 7, "percent_covered": 0.0, "percent_covered_display": "0.00", "missing_lines": 7, "excluded_lines": 0, "percent_statements_covered": 0.0, "percent_statements_covered_display": "0.00"}, "missing_lines": [262, 263, 265, 266, 268, 269, 270], "excluded_lines": []}, "ToolCache.clear": {"executed_lines": [], "summary": {"covered_lines": 0, "num_statements": 4, "percent_covered": 0.0, "percent_covered_display": "0.00", "missing_lines": 4, "excluded_lines": 0, "percent_statements_covered": 0.0, "percent_statements_covered_display": "0.00"}, "missing_lines": [274, 275, 277, 278], "excluded_lines": []}, "ToolCache._remove": {"executed_lines": [], "summary": {"covered_lines": 0, "num_statements": 3, "percent_covered": 0.0, "percent_covered_display": "0.00", "missing_lines": 3, "excluded_lines": 0, "percent_statements_covered": 0.0, "percent_statements_covered_display": "0.00"}, "missing_lines": [282, 283, 284], "excluded_lines": []}, "ToolCache._evict_if_needed": {"executed_lines": [], "summary": {"covered_lines": 0, "num_statements": 5, "percent_covered": 0.0, "percent_covered_display": "0.00", "missing_lines": 5, "excluded_lines": 0, "percent_statements_covered": 0.0, "percent_statements_covered_display": "0.00"}, "missing_lines": [289, 290, 293, 294, 295], "excluded_lines": []}, "ToolCache._evict_lru": {"executed_lines": [], "summary": {"covered_lines": 0, "num_statements": 10, "percent_covered": 0.0, "percent_covered_display": "0.00", "missing_lines": 10, "excluded_lines": 0, "percent_statements_covered": 0.0, "percent_statements_covered_display": "0.00"}, "missing_lines": [299, 300, 303, 304, 305, 306, 307, 310, 311, 312], "excluded_lines": []}, "ToolCache._save_cache": {"executed_lines": [], "summary": {"covered_lines": 0, "num_statements": 8, "percent_covered": 0.0, "percent_covered_display": "0.00", "missing_lines": 8, "excluded_lines": 0, "percent_statements_covered": 0.0, "percent_statements_covered_display": "0.00"}, "missing_lines": [316, 317, 319, 321, 332, 333, 335, 336], "excluded_lines": []}, "ToolCache._load_cache": {"executed_lines": [], "summary": {"covered_lines": 0, "num_statements": 13, "percent_covered": 0.0, "percent_covered_display": "0.00", "missing_lines": 13, "excluded_lines": 0, "percent_statements_covered": 0.0, "percent_statements_covered_display": "0.00"}, "missing_lines": [340, 341, 343, 344, 346, 348, 349, 351, 360, 361, 363, 365, 366], "excluded_lines": []}, "ToolCache.get_stats": {"executed_lines": [], "summary": {"covered_lines": 0, "num_statements": 3, "percent_covered": 0.0, "percent_covered_display": "0.00", "missing_lines": 3, "excluded_lines": 0, "percent_statements_covered": 0.0, "percent_statements_covered_display": "0.00"}, "missing_lines": [370, 371, 375], "excluded_lines": []}, "ToolCache.get_entries": {"executed_lines": [], "summary": {"covered_lines": 0, "num_statements": 2, "percent_covered": 0.0, "percent_covered_display": "0.00", "missing_lines": 2, "excluded_lines": 0, "percent_statements_covered": 0.0, "percent_statements_covered_display": "0.00"}, "missing_lines": [387, 393], "excluded_lines": []}, "get_tool_cache": {"executed_lines": [], "summary": {"covered_lines": 0, "num_statements": 3, "percent_covered": 0.0, "percent_covered_display": "0.00", "missing_lines": 3, "excluded_lines": 0, "percent_statements_covered": 0.0, "percent_statements_covered_display": "0.00"}, "missing_lines": [411, 412, 413], "excluded_lines": []}, "": {"executed_lines": [1, 14, 15, 16, 17, 18, 19, 20, 21, 23, 26, 27, 28, 30, 31, 32, 33, 34, 35, 37, 38, 42, 43, 49, 50, 51, 53, 54, 55, 56, 57, 60, 61, 82, 98, 107, 128, 135, 142, 146, 150, 180, 225, 242, 249, 260, 272, 280, 286, 297, 314, 338, 368, 385, 405, 408], "summary": {"covered_lines": 52, "num_statements": 52, "percent_covered": 100.0, "percent_covered_display": "100.00", "missing_lines": 0, "excluded_lines": 1, "percent_statements_covered": 100.0, "percent_statements_covered_display": "100.00"}, "missing_lines": [], "excluded_lines": [61]}}, "classes": {"CacheEntry": {"executed_lines": [], "summary": {"covered_lines": 0, "num_statements": 3, "percent_covered": 0.0, "percent_covered_display": "0.00", "missing_lines": 3, "excluded_lines": 0, "percent_statements_covered": 0.0, "percent_statements_covered_display": "0.00"}, "missing_lines": [40, 45, 46], "excluded_lines": []}, "CacheConfig": {"executed_lines": [], "summary": {"covered_lines": 0, "num_statements": 0, "percent_covered": 100.0, "percent_covered_display": "100.00", "missing_lines": 0, "excluded_lines": 0, "percent_statements_covered": 100.0, "percent_statements_covered_display": "100.00"}, "missing_lines": [], "excluded_lines": []}, "ToolCache": {"executed_lines": [], "summary": {"covered_lines": 0, "num_statements": 116, "percent_covered": 0.0, "percent_covered_display": "0.00", "missing_lines": 116, "excluded_lines": 0, "percent_statements_covered": 0.0, "percent_statements_covered_display": "0.00"}, "missing_lines": [114, 115, 116, 117, 125, 126, 131, 132, 133, 137, 138, 139, 140, 144, 148, 161, 162, 164, 165, 167, 168, 169, 171, 172, 173, 174, 176, 177, 178, 196, 197, 200, 202, 203, 204, 206, 215, 216, 217, 219, 222, 223, 227, 228, 230, 231, 233, 234, 236, 237, 238, 240, 244, 245, 246, 247, 251, 252, 256, 257, 258, 262, 263, 265, 266, 268, 269, 270, 274, 275, 277, 278, 282, 283, 284, 289, 290, 293, 294, 295, 299, 300, 303, 304, 305, 306, 307, 310, 311, 312, 316, 317, 319, 321, 332, 333, 335, 336, 340, 341, 343, 344, 346, 348, 349, 351, 360, 361, 363, 365, 366, 370, 371, 375, 387, 393], "excluded_lines": []}, "": {"executed_lines": [1, 14, 15, 16, 17, 18, 19, 20, 21, 23, 26, 27, 28, 30, 31, 32, 33, 34, 35, 37, 38, 42, 43, 49, 50, 51, 53, 54, 55, 56, 57, 60, 61, 82, 98, 107, 128, 135, 142, 146, 150, 180, 225, 242, 249, 260, 272, 280, 286, 297, 314, 338, 368, 385, 405, 408], "summary": {"covered_lines": 52, "num_statements": 55, "percent_covered": 94.54545454545455, "percent_covered_display": "94.55", "missing_lines": 3, "excluded_lines": 1, "percent_statements_covered": 94.54545454545455, "percent_statements_covered_display": "94.55"}, "missing_lines": [411, 412, 413], "excluded_lines": [61]}}}, "src/core/checkpoint.py": {"executed_lines": [1, 14, 15, 16, 17, 18, 19, 20, 21, 22, 24, 27, 28, 29, 31, 32, 33, 34, 35, 37, 46, 47, 57, 58, 59, 61, 62, 63, 64, 65, 66, 68, 78, 79, 90, 91, 92, 94, 95, 96, 97, 98, 101, 102, 121, 144, 170, 232, 268, 273, 298, 305, 374, 394, 399, 420, 426, 437, 458, 465, 484, 514], "summary": {"covered_lines": 57, "num_statements": 223, "percent_covered": 25.56053811659193, "percent_covered_display": "25.56", "missing_lines": 166, "excluded_lines": 0, "percent_statements_covered": 25.56053811659193, "percent_statements_covered_display": "25.56"}, "missing_lines": [38, 48, 69, 80, 126, 127, 128, 129, 130, 133, 134, 137, 138, 155, 156, 158, 159, 165, 167, 168, 180, 181, 184, 185, 186, 188, 189, 191, 193, 194, 195, 197, 205, 206, 215, 223, 224, 225, 226, 228, 229, 230, 242, 243, 246, 247, 248, 249, 251, 252, 255, 256, 257, 259, 263, 264, 266, 270, 271, 283, 284, 285, 286, 296, 300, 301, 302, 303, 327, 328, 329, 331, 339, 340, 341, 342, 343, 344, 345, 346, 351, 352, 355, 356, 357, 358, 361, 362, 364, 365, 367, 372, 383, 384, 387, 388, 396, 397, 401, 403, 405, 406, 407, 408, 410, 411, 414, 417, 418, 422, 423, 424, 428, 429, 431, 432, 433, 435, 439, 440, 442, 443, 444, 446, 447, 448, 449, 451, 453, 454, 455, 456, 460, 461, 462, 463, 467, 468, 482, 486, 487, 488, 490, 491, 494, 495, 496, 497, 500, 509, 511, 512, 516, 517, 519, 520, 522, 523, 524, 525, 526, 528, 530, 531, 532, 533], "excluded_lines": [], "functions": {"FileSnapshot.to_dict": {"executed_lines": [], "summary": {"covered_lines": 0, "num_statements": 1, "percent_covered": 0.0, "percent_covered_display": "0.00", "missing_lines": 1, "excluded_lines": 0, "percent_statements_covered": 0.0, "percent_statements_covered_display": "0.00"}, "missing_lines": [38], "excluded_lines": []}, "FileSnapshot.from_dict": {"executed_lines": [], "summary": {"covered_lines": 0, "num_statements": 1, "percent_covered": 0.0, "percent_covered_display": "0.00", "missing_lines": 1, "excluded_lines": 0, "percent_statements_covered": 0.0, "percent_statements_covered_display": "0.00"}, "missing_lines": [48], "excluded_lines": []}, "Checkpoint.to_dict": {"executed_lines": [], "summary": {"covered_lines": 0, "num_statements": 1, "percent_covered": 0.0, "percent_covered_display": "0.00", "missing_lines": 1, "excluded_lines": 0, "percent_statements_covered": 0.0, "percent_statements_covered_display": "0.00"}, "missing_lines": [69], "excluded_lines": []}, "Checkpoint.from_dict": {"executed_lines": [], "summary": {"covered_lines": 0, "num_statements": 1, "percent_covered": 0.0, "percent_covered_display": "0.00", "missing_lines": 1, "excluded_lines": 0, "percent_statements_covered": 0.0, "percent_statements_covered_display": "0.00"}, "missing_lines": [80], "excluded_lines": []}, "CheckpointManager.__init__": {"executed_lines": [], "summary": {"covered_lines": 0, "num_statements": 9, "percent_covered": 0.0, "percent_covered_display": "0.00", "missing_lines": 9, "excluded_lines": 0, "percent_statements_covered": 0.0, "percent_statements_covered_display": "0.00"}, "missing_lines": [126, 127, 128, 129, 130, 133, 134, 137, 138], "excluded_lines": []}, "CheckpointManager.begin_checkpoint": {"executed_lines": [], "summary": {"covered_lines": 0, "num_statements": 7, "percent_covered": 0.0, "percent_covered_display": "0.00", "missing_lines": 7, "excluded_lines": 0, "percent_statements_covered": 0.0, "percent_statements_covered_display": "0.00"}, "missing_lines": [155, 156, 158, 159, 165, 167, 168], "excluded_lines": []}, "CheckpointManager.snapshot_file": {"executed_lines": [], "summary": {"covered_lines": 0, "num_statements": 22, "percent_covered": 0.0, "percent_covered_display": "0.00", "missing_lines": 22, "excluded_lines": 0, "percent_statements_covered": 0.0, "percent_statements_covered_display": "0.00"}, "missing_lines": [180, 181, 184, 185, 186, 188, 189, 191, 193, 194, 195, 197, 205, 206, 215, 223, 224, 225, 226, 228, 229, 230], "excluded_lines": []}, "CheckpointManager.finalize_checkpoint": {"executed_lines": [], "summary": {"covered_lines": 0, "num_statements": 15, "percent_covered": 0.0, "percent_covered_display": "0.00", "missing_lines": 15, "excluded_lines": 0, "percent_statements_covered": 0.0, "percent_statements_covered_display": "0.00"}, "missing_lines": [242, 243, 246, 247, 248, 249, 251, 252, 255, 256, 257, 259, 263, 264, 266], "excluded_lines": []}, "CheckpointManager.discard_checkpoint": {"executed_lines": [], "summary": {"covered_lines": 0, "num_statements": 2, "percent_covered": 0.0, "percent_covered_display": "0.00", "missing_lines": 2, "excluded_lines": 0, "percent_statements_covered": 0.0, "percent_statements_covered_display": "0.00"}, "missing_lines": [270, 271], "excluded_lines": []}, "CheckpointManager.list_checkpoints": {"executed_lines": [], "summary": {"covered_lines": 0, "num_statements": 5, "percent_covered": 0.0, "percent_covered_display": "0.00", "missing_lines": 5, "excluded_lines": 0, "percent_statements_covered": 0.0, "percent_statements_covered_display": "0.00"}, "missing_lines": [283, 284, 285, 286, 296], "excluded_lines": []}, "CheckpointManager.get_checkpoint": {"executed_lines": [], "summary": {"covered_lines": 0, "num_statements": 4, "percent_covered": 0.0, "percent_covered_display": "0.00", "missing_lines": 4, "excluded_lines": 0, "percent_statements_covered": 0.0, "percent_statements_covered_display": "0.00"}, "missing_lines": [300, 301, 302, 303], "excluded_lines": []}, "CheckpointManager.rewind": {"executed_lines": [], "summary": {"covered_lines": 0, "num_statements": 24, "percent_covered": 0.0, "percent_covered_display": "0.00", "missing_lines": 24, "excluded_lines": 0, "percent_statements_covered": 0.0, "percent_statements_covered_display": "0.00"}, "missing_lines": [327, 328, 329, 331, 339, 340, 341, 342, 343, 344, 345, 346, 351, 352, 355, 356, 357, 358, 361, 362, 364, 365, 367, 372], "excluded_lines": []}, "CheckpointManager.rewind_last": {"executed_lines": [], "summary": {"covered_lines": 0, "num_statements": 4, "percent_covered": 0.0, "percent_covered_display": "0.00", "missing_lines": 4, "excluded_lines": 0, "percent_statements_covered": 0.0, "percent_statements_covered_display": "0.00"}, "missing_lines": [383, 384, 387, 388], "excluded_lines": []}, "CheckpointManager._generate_id": {"executed_lines": [], "summary": {"covered_lines": 0, "num_statements": 2, "percent_covered": 0.0, "percent_covered_display": "0.00", "missing_lines": 2, "excluded_lines": 0, "percent_statements_covered": 0.0, "percent_statements_covered_display": "0.00"}, "missing_lines": [396, 397], "excluded_lines": []}, "CheckpointManager._restore_file": {"executed_lines": [], "summary": {"covered_lines": 0, "num_statements": 11, "percent_covered": 0.0, "percent_covered_display": "0.00", "missing_lines": 11, "excluded_lines": 0, "percent_statements_covered": 0.0, "percent_statements_covered_display": "0.00"}, "missing_lines": [401, 403, 405, 406, 407, 408, 410, 411, 414, 417, 418], "excluded_lines": []}, "CheckpointManager._get_checkpoint_path": {"executed_lines": [], "summary": {"covered_lines": 0, "num_statements": 3, "percent_covered": 0.0, "percent_covered_display": "0.00", "missing_lines": 3, "excluded_lines": 0, "percent_statements_covered": 0.0, "percent_statements_covered_display": "0.00"}, "missing_lines": [422, 423, 424], "excluded_lines": []}, "CheckpointManager._save_checkpoint": {"executed_lines": [], "summary": {"covered_lines": 0, "num_statements": 6, "percent_covered": 0.0, "percent_covered_display": "0.00", "missing_lines": 6, "excluded_lines": 0, "percent_statements_covered": 0.0, "percent_statements_covered_display": "0.00"}, "missing_lines": [428, 429, 431, 432, 433, 435], "excluded_lines": []}, "CheckpointManager._load_checkpoint": {"executed_lines": [], "summary": {"covered_lines": 0, "num_statements": 14, "percent_covered": 0.0, "percent_covered_display": "0.00", "missing_lines": 14, "excluded_lines": 0, "percent_statements_covered": 0.0, "percent_statements_covered_display": "0.00"}, "missing_lines": [439, 440, 442, 443, 444, 446, 447, 448, 449, 451, 453, 454, 455, 456], "excluded_lines": []}, "CheckpointManager._delete_checkpoint_file": {"executed_lines": [], "summary": {"covered_lines": 0, "num_statements": 4, "percent_covered": 0.0, "percent_covered_display": "0.00", "missing_lines": 4, "excluded_lines": 0, "percent_statements_covered": 0.0, "percent_statements_covered_display": "0.00"}, "missing_lines": [460, 461, 462, 463], "excluded_lines": []}, "CheckpointManager._save_index": {"executed_lines": [], "summary": {"covered_lines": 0, "num_statements": 3, "percent_covered": 0.0, "percent_covered_display": "0.00", "missing_lines": 3, "excluded_lines": 0, "percent_statements_covered": 0.0, "percent_statements_covered_display": "0.00"}, "missing_lines": [467, 468, 482], "excluded_lines": []}, "CheckpointManager._load_index": {"executed_lines": [], "summary": {"covered_lines": 0, "num_statements": 13, "percent_covered": 0.0, "percent_covered_display": "0.00", "missing_lines": 13, "excluded_lines": 0, "percent_statements_covered": 0.0, "percent_statements_covered_display": "0.00"}, "missing_lines": [486, 487, 488, 490, 491, 494, 495, 496, 497, 500, 509, 511, 512], "excluded_lines": []}, "CheckpointManager._cleanup_old_checkpoints": {"executed_lines": [], "summary": {"covered_lines": 0, "num_statements": 14, "percent_covered": 0.0, "percent_covered_display": "0.00", "missing_lines": 14, "excluded_lines": 0, "percent_statements_covered": 0.0, "percent_statements_covered_display": "0.00"}, "missing_lines": [516, 517, 519, 520, 522, 523, 524, 525, 526, 528, 530, 531, 532, 533], "excluded_lines": []}, "": {"executed_lines": [1, 14, 15, 16, 17, 18, 19, 20, 21, 22, 24, 27, 28, 29, 31, 32, 33, 34, 35, 37, 46, 47, 57, 58, 59, 61, 62, 63, 64, 65, 66, 68, 78, 79, 90, 91, 92, 94, 95, 96, 97, 98, 101, 102, 121, 144, 170, 232, 268, 273, 298, 305, 374, 394, 399, 420, 426, 437, 458, 465, 484, 514], "summary": {"covered_lines": 57, "num_statements": 57, "percent_covered": 100.0, "percent_covered_display": "100.00", "missing_lines": 0, "excluded_lines": 0, "percent_statements_covered": 100.0, "percent_statements_covered_display": "100.00"}, "missing_lines": [], "excluded_lines": []}}, "classes": {"FileSnapshot": {"executed_lines": [], "summary": {"covered_lines": 0, "num_statements": 2, "percent_covered": 0.0, "percent_covered_display": "0.00", "missing_lines": 2, "excluded_lines": 0, "percent_statements_covered": 0.0, "percent_statements_covered_display": "0.00"}, "missing_lines": [38, 48], "excluded_lines": []}, "Checkpoint": {"executed_lines": [], "summary": {"covered_lines": 0, "num_statements": 2, "percent_covered": 0.0, "percent_covered_display": "0.00", "missing_lines": 2, "excluded_lines": 0, "percent_statements_covered": 0.0, "percent_statements_covered_display": "0.00"}, "missing_lines": [69, 80], "excluded_lines": []}, "CheckpointConfig": {"executed_lines": [], "summary": {"covered_lines": 0, "num_statements": 0, "percent_covered": 100.0, "percent_covered_display": "100.00", "missing_lines": 0, "excluded_lines": 0, "percent_statements_covered": 100.0, "percent_statements_covered_display": "100.00"}, "missing_lines": [], "excluded_lines": []}, "CheckpointManager": {"executed_lines": [], "summary": {"covered_lines": 0, "num_statements": 162, "percent_covered": 0.0, "percent_covered_display": "0.00", "missing_lines": 162, "excluded_lines": 0, "percent_statements_covered": 0.0, "percent_statements_covered_display": "0.00"}, "missing_lines": [126, 127, 128, 129, 130, 133, 134, 137, 138, 155, 156, 158, 159, 165, 167, 168, 180, 181, 184, 185, 186, 188, 189, 191, 193, 194, 195, 197, 205, 206, 215, 223, 224, 225, 226, 228, 229, 230, 242, 243, 246, 247, 248, 249, 251, 252, 255, 256, 257, 259, 263, 264, 266, 270, 271, 283, 284, 285, 286, 296, 300, 301, 302, 303, 327, 328, 329, 331, 339, 340, 341, 342, 343, 344, 345, 346, 351, 352, 355, 356, 357, 358, 361, 362, 364, 365, 367, 372, 383, 384, 387, 388, 396, 397, 401, 403, 405, 406, 407, 408, 410, 411, 414, 417, 418, 422, 423, 424, 428, 429, 431, 432, 433, 435, 439, 440, 442, 443, 444, 446, 447, 448, 449, 451, 453, 454, 455, 456, 460, 461, 462, 463, 467, 468, 482, 486, 487, 488, 490, 491, 494, 495, 496, 497, 500, 509, 511, 512, 516, 517, 519, 520, 522, 523, 524, 525, 526, 528, 530, 531, 532, 533], "excluded_lines": []}, "": {"executed_lines": [1, 14, 15, 16, 17, 18, 19, 20, 21, 22, 24, 27, 28, 29, 31, 32, 33, 34, 35, 37, 46, 47, 57, 58, 59, 61, 62, 63, 64, 65, 66, 68, 78, 79, 90, 91, 92, 94, 95, 96, 97, 98, 101, 102, 121, 144, 170, 232, 268, 273, 298, 305, 374, 394, 399, 420, 426, 437, 458, 465, 484, 514], "summary": {"covered_lines": 57, "num_statements": 57, "percent_covered": 100.0, "percent_covered_display": "100.00", "missing_lines": 0, "excluded_lines": 0, "percent_statements_covered": 100.0, "percent_statements_covered_display": "100.00"}, "missing_lines": [], "excluded_lines": []}}}, "src/core/command_history.py": {"executed_lines": [1, 13, 14, 15, 16, 17, 18, 19, 21, 24, 25, 26, 28, 29, 30, 32, 39, 40, 48, 49, 68, 97, 111, 129, 148, 160, 183, 208, 219, 230, 235, 250, 259, 260, 273, 282, 335], "summary": {"covered_lines": 33, "num_statements": 127, "percent_covered": 25.984251968503937, "percent_covered_display": "25.98", "missing_lines": 94, "excluded_lines": 0, "percent_statements_covered": 25.984251968503937, "percent_statements_covered_display": "25.98"}, "missing_lines": [33, 41, 82, 83, 85, 86, 88, 90, 91, 92, 93, 95, 99, 100, 102, 103, 104, 107, 108, 109, 113, 115, 116, 118, 123, 126, 127, 136, 137, 138, 141, 142, 144, 145, 146, 158, 171, 172, 174, 175, 176, 177, 178, 179, 181, 193, 194, 195, 196, 199, 202, 204, 205, 206, 210, 211, 213, 214, 215, 217, 221, 222, 224, 225, 226, 228, 232, 233, 237, 239, 240, 243, 245, 247, 248, 252, 280, 300, 302, 303, 312, 319, 320, 327, 328, 346, 348, 350, 351, 353, 354, 356, 357, 359], "excluded_lines": [], "functions": {"HistoryEntry.to_dict": {"executed_lines": [], "summary": {"covered_lines": 0, "num_statements": 1, "percent_covered": 0.0, "percent_covered_display": "0.00", "missing_lines": 1, "excluded_lines": 0, "percent_statements_covered": 0.0, "percent_statements_covered_display": "0.00"}, "missing_lines": [33], "excluded_lines": []}, "HistoryEntry.from_dict": {"executed_lines": [], "summary": {"covered_lines": 0, "num_statements": 1, "percent_covered": 0.0, "percent_covered_display": "0.00", "missing_lines": 1, "excluded_lines": 0, "percent_statements_covered": 0.0, "percent_statements_covered_display": "0.00"}, "missing_lines": [41], "excluded_lines": []}, "CommandHistory.__init__": {"executed_lines": [], "summary": {"covered_lines": 0, "num_statements": 10, "percent_covered": 0.0, "percent_covered_display": "0.00", "missing_lines": 10, "excluded_lines": 0, "percent_statements_covered": 0.0, "percent_statements_covered_display": "0.00"}, "missing_lines": [82, 83, 85, 86, 88, 90, 91, 92, 93, 95], "excluded_lines": []}, "CommandHistory._load": {"executed_lines": [], "summary": {"covered_lines": 0, "num_statements": 8, "percent_covered": 0.0, "percent_covered_display": "0.00", "missing_lines": 8, "excluded_lines": 0, "percent_statements_covered": 0.0, "percent_statements_covered_display": "0.00"}, "missing_lines": [99, 100, 102, 103, 104, 107, 108, 109], "excluded_lines": []}, "CommandHistory._save": {"executed_lines": [], "summary": {"covered_lines": 0, "num_statements": 7, "percent_covered": 0.0, "percent_covered_display": "0.00", "missing_lines": 7, "excluded_lines": 0, "percent_statements_covered": 0.0, "percent_statements_covered_display": "0.00"}, "missing_lines": [113, 115, 116, 118, 123, 126, 127], "excluded_lines": []}, "CommandHistory.add": {"executed_lines": [], "summary": {"covered_lines": 0, "num_statements": 8, "percent_covered": 0.0, "percent_covered_display": "0.00", "missing_lines": 8, "excluded_lines": 0, "percent_statements_covered": 0.0, "percent_statements_covered_display": "0.00"}, "missing_lines": [136, 137, 138, 141, 142, 144, 145, 146], "excluded_lines": []}, "CommandHistory.get_recent": {"executed_lines": [], "summary": {"covered_lines": 0, "num_statements": 1, "percent_covered": 0.0, "percent_covered_display": "0.00", "missing_lines": 1, "excluded_lines": 0, "percent_statements_covered": 0.0, "percent_statements_covered_display": "0.00"}, "missing_lines": [158], "excluded_lines": []}, "CommandHistory.search": {"executed_lines": [], "summary": {"covered_lines": 0, "num_statements": 9, "percent_covered": 0.0, "percent_covered_display": "0.00", "missing_lines": 9, "excluded_lines": 0, "percent_statements_covered": 0.0, "percent_statements_covered_display": "0.00"}, "missing_lines": [171, 172, 174, 175, 176, 177, 178, 179, 181], "excluded_lines": []}, "CommandHistory.search_reverse": {"executed_lines": [], "summary": {"covered_lines": 0, "num_statements": 9, "percent_covered": 0.0, "percent_covered_display": "0.00", "missing_lines": 9, "excluded_lines": 0, "percent_statements_covered": 0.0, "percent_statements_covered_display": "0.00"}, "missing_lines": [193, 194, 195, 196, 199, 202, 204, 205, 206], "excluded_lines": []}, "CommandHistory.search_next": {"executed_lines": [], "summary": {"covered_lines": 0, "num_statements": 6, "percent_covered": 0.0, "percent_covered_display": "0.00", "missing_lines": 6, "excluded_lines": 0, "percent_statements_covered": 0.0, "percent_statements_covered_display": "0.00"}, "missing_lines": [210, 211, 213, 214, 215, 217], "excluded_lines": []}, "CommandHistory.search_prev": {"executed_lines": [], "summary": {"covered_lines": 0, "num_statements": 6, "percent_covered": 0.0, "percent_covered_display": "0.00", "missing_lines": 6, "excluded_lines": 0, "percent_statements_covered": 0.0, "percent_statements_covered_display": "0.00"}, "missing_lines": [221, 222, 224, 225, 226, 228], "excluded_lines": []}, "CommandHistory.clear": {"executed_lines": [], "summary": {"covered_lines": 0, "num_statements": 2, "percent_covered": 0.0, "percent_covered_display": "0.00", "missing_lines": 2, "excluded_lines": 0, "percent_statements_covered": 0.0, "percent_statements_covered_display": "0.00"}, "missing_lines": [232, 233], "excluded_lines": []}, "CommandHistory.setup_readline": {"executed_lines": [], "summary": {"covered_lines": 0, "num_statements": 7, "percent_covered": 0.0, "percent_covered_display": "0.00", "missing_lines": 7, "excluded_lines": 0, "percent_statements_covered": 0.0, "percent_statements_covered_display": "0.00"}, "missing_lines": [237, 239, 240, 243, 245, 247, 248], "excluded_lines": []}, "CommandHistory.get_stats": {"executed_lines": [], "summary": {"covered_lines": 0, "num_statements": 1, "percent_covered": 0.0, "percent_covered_display": "0.00", "missing_lines": 1, "excluded_lines": 0, "percent_statements_covered": 0.0, "percent_statements_covered_display": "0.00"}, "missing_lines": [252], "excluded_lines": []}, "BashModeExecutor.__init__": {"executed_lines": [], "summary": {"covered_lines": 0, "num_statements": 1, "percent_covered": 0.0, "percent_covered_display": "0.00", "missing_lines": 1, "excluded_lines": 0, "percent_statements_covered": 0.0, "percent_statements_covered_display": "0.00"}, "missing_lines": [280], "excluded_lines": []}, "BashModeExecutor.execute": {"executed_lines": [], "summary": {"covered_lines": 0, "num_statements": 8, "percent_covered": 0.0, "percent_covered_display": "0.00", "missing_lines": 8, "excluded_lines": 0, "percent_statements_covered": 0.0, "percent_statements_covered_display": "0.00"}, "missing_lines": [300, 302, 303, 312, 319, 320, 327, 328], "excluded_lines": []}, "BashModeExecutor.execute_for_context": {"executed_lines": [], "summary": {"covered_lines": 0, "num_statements": 9, "percent_covered": 0.0, "percent_covered_display": "0.00", "missing_lines": 9, "excluded_lines": 0, "percent_statements_covered": 0.0, "percent_statements_covered_display": "0.00"}, "missing_lines": [346, 348, 350, 351, 353, 354, 356, 357, 359], "excluded_lines": []}, "": {"executed_lines": [1, 13, 14, 15, 16, 17, 18, 19, 21, 24, 25, 26, 28, 29, 30, 32, 39, 40, 48, 49, 68, 97, 111, 129, 148, 160, 183, 208, 219, 230, 235, 250, 259, 260, 273, 282, 335], "summary": {"covered_lines": 33, "num_statements": 33, "percent_covered": 100.0, "percent_covered_display": "100.00", "missing_lines": 0, "excluded_lines": 0, "percent_statements_covered": 100.0, "percent_statements_covered_display": "100.00"}, "missing_lines": [], "excluded_lines": []}}, "classes": {"HistoryEntry": {"executed_lines": [], "summary": {"covered_lines": 0, "num_statements": 2, "percent_covered": 0.0, "percent_covered_display": "0.00", "missing_lines": 2, "excluded_lines": 0, "percent_statements_covered": 0.0, "percent_statements_covered_display": "0.00"}, "missing_lines": [33, 41], "excluded_lines": []}, "CommandHistory": {"executed_lines": [], "summary": {"covered_lines": 0, "num_statements": 74, "percent_covered": 0.0, "percent_covered_display": "0.00", "missing_lines": 74, "excluded_lines": 0, "percent_statements_covered": 0.0, "percent_statements_covered_display": "0.00"}, "missing_lines": [82, 83, 85, 86, 88, 90, 91, 92, 93, 95, 99, 100, 102, 103, 104, 107, 108, 109, 113, 115, 116, 118, 123, 126, 127, 136, 137, 138, 141, 142, 144, 145, 146, 158, 171, 172, 174, 175, 176, 177, 178, 179, 181, 193, 194, 195, 196, 199, 202, 204, 205, 206, 210, 211, 213, 214, 215, 217, 221, 222, 224, 225, 226, 228, 232, 233, 237, 239, 240, 243, 245, 247, 248, 252], "excluded_lines": []}, "BashModeExecutor": {"executed_lines": [], "summary": {"covered_lines": 0, "num_statements": 18, "percent_covered": 0.0, "percent_covered_display": "0.00", "missing_lines": 18, "excluded_lines": 0, "percent_statements_covered": 0.0, "percent_statements_covered_display": "0.00"}, "missing_lines": [280, 300, 302, 303, 312, 319, 320, 327, 328, 346, 348, 350, 351, 353, 354, 356, 357, 359], "excluded_lines": []}, "": {"executed_lines": [1, 13, 14, 15, 16, 17, 18, 19, 21, 24, 25, 26, 28, 29, 30, 32, 39, 40, 48, 49, 68, 97, 111, 129, 148, 160, 183, 208, 219, 230, 235, 250, 259, 260, 273, 282, 335], "summary": {"covered_lines": 33, "num_statements": 33, "percent_covered": 100.0, "percent_covered_display": "100.00", "missing_lines": 0, "excluded_lines": 0, "percent_statements_covered": 100.0, "percent_statements_covered_display": "100.00"}, "missing_lines": [], "excluded_lines": []}}}, "src/core/config.py": {"executed_lines": [1, 2, 3, 4, 6, 7, 9, 12, 30, 31, 34, 38, 39, 40, 57, 58, 59, 60, 61, 67], "summary": {"covered_lines": 20, "num_statements": 41, "percent_covered": 48.78048780487805, "percent_covered_display": "48.78", "missing_lines": 21, "excluded_lines": 0, "percent_statements_covered": 48.78048780487805, "percent_statements_covered_display": "48.78"}, "missing_lines": [35, 36, 42, 43, 44, 47, 48, 49, 50, 51, 53, 54, 63, 64, 65, 69, 70, 71, 72, 73, 74], "excluded_lines": [], "functions": {"load_config": {"executed_lines": [30, 31, 34, 38, 39, 40, 57, 58, 59, 60, 61, 67], "summary": {"covered_lines": 12, "num_statements": 33, "percent_covered": 36.36363636363637, "percent_covered_display": "36.36", "missing_lines": 21, "excluded_lines": 0, "percent_statements_covered": 36.36363636363637, "percent_statements_covered_display": "36.36"}, "missing_lines": [35, 36, 42, 43, 44, 47, 48, 49, 50, 51, 53, 54, 63, 64, 65, 69, 70, 71, 72, 73, 74], "excluded_lines": []}, "": {"executed_lines": [1, 2, 3, 4, 6, 7, 9, 12], "summary": {"covered_lines": 8, "num_statements": 8, "percent_covered": 100.0, "percent_covered_display": "100.00", "missing_lines": 0, "excluded_lines": 0, "percent_statements_covered": 100.0, "percent_statements_covered_display": "100.00"}, "missing_lines": [], "excluded_lines": []}}, "classes": {"": {"executed_lines": [1, 2, 3, 4, 6, 7, 9, 12, 30, 31, 34, 38, 39, 40, 57, 58, 59, 60, 61, 67], "summary": {"covered_lines": 20, "num_statements": 41, "percent_covered": 48.78048780487805, "percent_covered_display": "48.78", "missing_lines": 21, "excluded_lines": 0, "percent_statements_covered": 48.78048780487805, "percent_statements_covered_display": "48.78"}, "missing_lines": [35, 36, 42, 43, 44, 47, 48, 49, 50, 51, 53, 54, 63, 64, 65, 69, 70, 71, 72, 73, 74], "excluded_lines": []}}}, "src/core/context_manager.py": {"executed_lines": [1, 14, 15, 16, 17, 18, 19, 20, 21, 22, 24, 32, 33, 34, 36, 37, 38, 39, 40, 42, 51, 52, 61, 68, 69, 70, 72, 73, 74, 75, 76, 78, 87, 88, 103, 104, 105, 108, 109, 110, 113, 114, 117, 120, 121, 124, 132, 133, 143, 179, 187, 195, 228, 263, 280, 291, 305, 317, 366, 412, 430, 434, 456, 462, 467, 490, 525, 542], "summary": {"covered_lines": 63, "num_statements": 238, "percent_covered": 26.470588235294116, "percent_covered_display": "26.47", "missing_lines": 175, "excluded_lines": 0, "percent_statements_covered": 26.470588235294116, "percent_statements_covered_display": "26.47"}, "missing_lines": [43, 53, 64, 65, 79, 89, 157, 158, 159, 162, 163, 164, 165, 168, 169, 172, 173, 181, 182, 183, 184, 185, 189, 190, 191, 192, 193, 209, 214, 215, 218, 219, 220, 223, 224, 226, 234, 237, 238, 240, 246, 258, 259, 261, 265, 266, 268, 282, 283, 285, 286, 287, 289, 293, 294, 295, 296, 297, 298, 299, 307, 308, 310, 311, 315, 319, 320, 321, 325, 327, 328, 329, 331, 332, 335, 337, 338, 339, 340, 341, 344, 347, 352, 358, 359, 361, 368, 371, 372, 373, 374, 375, 376, 377, 378, 381, 382, 392, 393, 394, 395, 396, 398, 399, 400, 401, 402, 403, 405, 406, 407, 408, 410, 414, 415, 417, 418, 419, 420, 421, 422, 424, 432, 437, 440, 441, 442, 444, 447, 448, 450, 458, 459, 460, 464, 465, 469, 470, 471, 482, 483, 485, 487, 488, 492, 493, 494, 495, 497, 498, 501, 502, 503, 504, 506, 507, 508, 510, 511, 513, 517, 518, 554, 556, 557, 558, 559, 560, 561, 562, 564, 565, 568, 569, 571], "excluded_lines": [], "functions": {"Message.to_dict": {"executed_lines": [], "summary": {"covered_lines": 0, "num_statements": 1, "percent_covered": 0.0, "percent_covered_display": "0.00", "missing_lines": 1, "excluded_lines": 0, "percent_statements_covered": 0.0, "percent_statements_covered_display": "0.00"}, "missing_lines": [43], "excluded_lines": []}, "Message.from_dict": {"executed_lines": [], "summary": {"covered_lines": 0, "num_statements": 1, "percent_covered": 0.0, "percent_covered_display": "0.00", "missing_lines": 1, "excluded_lines": 0, "percent_statements_covered": 0.0, "percent_statements_covered_display": "0.00"}, "missing_lines": [53], "excluded_lines": []}, "Message.to_api_format": {"executed_lines": [], "summary": {"covered_lines": 0, "num_statements": 2, "percent_covered": 0.0, "percent_covered_display": "0.00", "missing_lines": 2, "excluded_lines": 0, "percent_statements_covered": 0.0, "percent_statements_covered_display": "0.00"}, "missing_lines": [64, 65], "excluded_lines": []}, "ConversationSummary.to_dict": {"executed_lines": [], "summary": {"covered_lines": 0, "num_statements": 1, "percent_covered": 0.0, "percent_covered_display": "0.00", "missing_lines": 1, "excluded_lines": 0, "percent_statements_covered": 0.0, "percent_statements_covered_display": "0.00"}, "missing_lines": [79], "excluded_lines": []}, "ConversationSummary.from_dict": {"executed_lines": [], "summary": {"covered_lines": 0, "num_statements": 1, "percent_covered": 0.0, "percent_covered_display": "0.00", "missing_lines": 1, "excluded_lines": 0, "percent_statements_covered": 0.0, "percent_statements_covered_display": "0.00"}, "missing_lines": [89], "excluded_lines": []}, "ContextManager.__init__": {"executed_lines": [], "summary": {"covered_lines": 0, "num_statements": 11, "percent_covered": 0.0, "percent_covered_display": "0.00", "missing_lines": 11, "excluded_lines": 0, "percent_statements_covered": 0.0, "percent_statements_covered_display": "0.00"}, "missing_lines": [157, 158, 159, 162, 163, 164, 165, 168, 169, 172, 173], "excluded_lines": []}, "ContextManager.add_user_message": {"executed_lines": [], "summary": {"covered_lines": 0, "num_statements": 5, "percent_covered": 0.0, "percent_covered_display": "0.00", "missing_lines": 5, "excluded_lines": 0, "percent_statements_covered": 0.0, "percent_statements_covered_display": "0.00"}, "missing_lines": [181, 182, 183, 184, 185], "excluded_lines": []}, "ContextManager.add_system_message": {"executed_lines": [], "summary": {"covered_lines": 0, "num_statements": 5, "percent_covered": 0.0, "percent_covered_display": "0.00", "missing_lines": 5, "excluded_lines": 0, "percent_statements_covered": 0.0, "percent_statements_covered_display": "0.00"}, "missing_lines": [189, 190, 191, 192, 193], "excluded_lines": []}, "ContextManager.add_assistant_message": {"executed_lines": [], "summary": {"covered_lines": 0, "num_statements": 9, "percent_covered": 0.0, "percent_covered_display": "0.00", "missing_lines": 9, "excluded_lines": 0, "percent_statements_covered": 0.0, "percent_statements_covered_display": "0.00"}, "missing_lines": [209, 214, 215, 218, 219, 220, 223, 224, 226], "excluded_lines": []}, "ContextManager.get_history_for_api": {"executed_lines": [], "summary": {"covered_lines": 0, "num_statements": 8, "percent_covered": 0.0, "percent_covered_display": "0.00", "missing_lines": 8, "excluded_lines": 0, "percent_statements_covered": 0.0, "percent_statements_covered_display": "0.00"}, "missing_lines": [234, 237, 238, 240, 246, 258, 259, 261], "excluded_lines": []}, "ContextManager.get_context_stats": {"executed_lines": [], "summary": {"covered_lines": 0, "num_statements": 3, "percent_covered": 0.0, "percent_covered_display": "0.00", "missing_lines": 3, "excluded_lines": 0, "percent_statements_covered": 0.0, "percent_statements_covered_display": "0.00"}, "missing_lines": [265, 266, 268], "excluded_lines": []}, "ContextManager.clear": {"executed_lines": [], "summary": {"covered_lines": 0, "num_statements": 6, "percent_covered": 0.0, "percent_covered_display": "0.00", "missing_lines": 6, "excluded_lines": 0, "percent_statements_covered": 0.0, "percent_statements_covered_display": "0.00"}, "missing_lines": [282, 283, 285, 286, 287, 289], "excluded_lines": []}, "ContextManager.reset": {"executed_lines": [], "summary": {"covered_lines": 0, "num_statements": 7, "percent_covered": 0.0, "percent_covered_display": "0.00", "missing_lines": 7, "excluded_lines": 0, "percent_statements_covered": 0.0, "percent_statements_covered_display": "0.00"}, "missing_lines": [293, 294, 295, 296, 297, 298, 299], "excluded_lines": []}, "ContextManager._maybe_summarize": {"executed_lines": [], "summary": {"covered_lines": 0, "num_statements": 5, "percent_covered": 0.0, "percent_covered_display": "0.00", "missing_lines": 5, "excluded_lines": 0, "percent_statements_covered": 0.0, "percent_statements_covered_display": "0.00"}, "missing_lines": [307, 308, 310, 311, 315], "excluded_lines": []}, "ContextManager._force_summarize": {"executed_lines": [], "summary": {"covered_lines": 0, "num_statements": 21, "percent_covered": 0.0, "percent_covered_display": "0.00", "missing_lines": 21, "excluded_lines": 0, "percent_statements_covered": 0.0, "percent_statements_covered_display": "0.00"}, "missing_lines": [319, 320, 321, 325, 327, 328, 329, 331, 332, 335, 337, 338, 339, 340, 341, 344, 347, 352, 358, 359, 361], "excluded_lines": []}, "ContextManager._simple_summarize": {"executed_lines": [], "summary": {"covered_lines": 0, "num_statements": 27, "percent_covered": 0.0, "percent_covered_display": "0.00", "missing_lines": 27, "excluded_lines": 0, "percent_statements_covered": 0.0, "percent_statements_covered_display": "0.00"}, "missing_lines": [368, 371, 372, 373, 374, 375, 376, 377, 378, 381, 382, 392, 393, 394, 395, 396, 398, 399, 400, 401, 402, 403, 405, 406, 407, 408, 410], "excluded_lines": []}, "ContextManager._format_summaries_for_context": {"executed_lines": [], "summary": {"covered_lines": 0, "num_statements": 9, "percent_covered": 0.0, "percent_covered_display": "0.00", "missing_lines": 9, "excluded_lines": 0, "percent_statements_covered": 0.0, "percent_statements_covered_display": "0.00"}, "missing_lines": [414, 415, 417, 418, 419, 420, 421, 422, 424], "excluded_lines": []}, "ContextManager._estimate_tokens": {"executed_lines": [], "summary": {"covered_lines": 0, "num_statements": 1, "percent_covered": 0.0, "percent_covered_display": "0.00", "missing_lines": 1, "excluded_lines": 0, "percent_statements_covered": 0.0, "percent_statements_covered_display": "0.00"}, "missing_lines": [432], "excluded_lines": []}, "ContextManager._estimate_current_tokens": {"executed_lines": [], "summary": {"covered_lines": 0, "num_statements": 8, "percent_covered": 0.0, "percent_covered_display": "0.00", "missing_lines": 8, "excluded_lines": 0, "percent_statements_covered": 0.0, "percent_statements_covered_display": "0.00"}, "missing_lines": [437, 440, 441, 442, 444, 447, 448, 450], "excluded_lines": []}, "ContextManager._get_save_path": {"executed_lines": [], "summary": {"covered_lines": 0, "num_statements": 3, "percent_covered": 0.0, "percent_covered_display": "0.00", "missing_lines": 3, "excluded_lines": 0, "percent_statements_covered": 0.0, "percent_statements_covered_display": "0.00"}, "missing_lines": [458, 459, 460], "excluded_lines": []}, "ContextManager._auto_save": {"executed_lines": [], "summary": {"covered_lines": 0, "num_statements": 2, "percent_covered": 0.0, "percent_covered_display": "0.00", "missing_lines": 2, "excluded_lines": 0, "percent_statements_covered": 0.0, "percent_statements_covered_display": "0.00"}, "missing_lines": [464, 465], "excluded_lines": []}, "ContextManager._save_state": {"executed_lines": [], "summary": {"covered_lines": 0, "num_statements": 8, "percent_covered": 0.0, "percent_covered_display": "0.00", "missing_lines": 8, "excluded_lines": 0, "percent_statements_covered": 0.0, "percent_statements_covered_display": "0.00"}, "missing_lines": [469, 470, 471, 482, 483, 485, 487, 488], "excluded_lines": []}, "ContextManager._load_state": {"executed_lines": [], "summary": {"covered_lines": 0, "num_statements": 18, "percent_covered": 0.0, "percent_covered_display": "0.00", "missing_lines": 18, "excluded_lines": 0, "percent_statements_covered": 0.0, "percent_statements_covered_display": "0.00"}, "missing_lines": [492, 493, 494, 495, 497, 498, 501, 502, 503, 504, 506, 507, 508, 510, 511, 513, 517, 518], "excluded_lines": []}, "create_llm_summarizer": {"executed_lines": [], "summary": {"covered_lines": 0, "num_statements": 2, "percent_covered": 0.0, "percent_covered_display": "0.00", "missing_lines": 2, "excluded_lines": 0, "percent_statements_covered": 0.0, "percent_statements_covered_display": "0.00"}, "missing_lines": [554, 571], "excluded_lines": []}, "create_llm_summarizer.summarize": {"executed_lines": [], "summary": {"covered_lines": 0, "num_statements": 11, "percent_covered": 0.0, "percent_covered_display": "0.00", "missing_lines": 11, "excluded_lines": 0, "percent_statements_covered": 0.0, "percent_statements_covered_display": "0.00"}, "missing_lines": [556, 557, 558, 559, 560, 561, 562, 564, 565, 568, 569], "excluded_lines": []}, "": {"executed_lines": [1, 14, 15, 16, 17, 18, 19, 20, 21, 22, 24, 32, 33, 34, 36, 37, 38, 39, 40, 42, 51, 52, 61, 68, 69, 70, 72, 73, 74, 75, 76, 78, 87, 88, 103, 104, 105, 108, 109, 110, 113, 114, 117, 120, 121, 124, 132, 133, 143, 179, 187, 195, 228, 263, 280, 291, 305, 317, 366, 412, 430, 434, 456, 462, 467, 490, 525, 542], "summary": {"covered_lines": 63, "num_statements": 63, "percent_covered": 100.0, "percent_covered_display": "100.00", "missing_lines": 0, "excluded_lines": 0, "percent_statements_covered": 100.0, "percent_statements_covered_display": "100.00"}, "missing_lines": [], "excluded_lines": []}}, "classes": {"Message": {"executed_lines": [], "summary": {"covered_lines": 0, "num_statements": 4, "percent_covered": 0.0, "percent_covered_display": "0.00", "missing_lines": 4, "excluded_lines": 0, "percent_statements_covered": 0.0, "percent_statements_covered_display": "0.00"}, "missing_lines": [43, 53, 64, 65], "excluded_lines": []}, "ConversationSummary": {"executed_lines": [], "summary": {"covered_lines": 0, "num_statements": 2, "percent_covered": 0.0, "percent_covered_display": "0.00", "missing_lines": 2, "excluded_lines": 0, "percent_statements_covered": 0.0, "percent_statements_covered_display": "0.00"}, "missing_lines": [79, 89], "excluded_lines": []}, "ContextConfig": {"executed_lines": [], "summary": {"covered_lines": 0, "num_statements": 0, "percent_covered": 100.0, "percent_covered_display": "100.00", "missing_lines": 0, "excluded_lines": 0, "percent_statements_covered": 100.0, "percent_statements_covered_display": "100.00"}, "missing_lines": [], "excluded_lines": []}, "ContextManager": {"executed_lines": [], "summary": {"covered_lines": 0, "num_statements": 156, "percent_covered": 0.0, "percent_covered_display": "0.00", "missing_lines": 156, "excluded_lines": 0, "percent_statements_covered": 0.0, "percent_statements_covered_display": "0.00"}, "missing_lines": [157, 158, 159, 162, 163, 164, 165, 168, 169, 172, 173, 181, 182, 183, 184, 185, 189, 190, 191, 192, 193, 209, 214, 215, 218, 219, 220, 223, 224, 226, 234, 237, 238, 240, 246, 258, 259, 261, 265, 266, 268, 282, 283, 285, 286, 287, 289, 293, 294, 295, 296, 297, 298, 299, 307, 308, 310, 311, 315, 319, 320, 321, 325, 327, 328, 329, 331, 332, 335, 337, 338, 339, 340, 341, 344, 347, 352, 358, 359, 361, 368, 371, 372, 373, 374, 375, 376, 377, 378, 381, 382, 392, 393, 394, 395, 396, 398, 399, 400, 401, 402, 403, 405, 406, 407, 408, 410, 414, 415, 417, 418, 419, 420, 421, 422, 424, 432, 437, 440, 441, 442, 444, 447, 448, 450, 458, 459, 460, 464, 465, 469, 470, 471, 482, 483, 485, 487, 488, 492, 493, 494, 495, 497, 498, 501, 502, 503, 504, 506, 507, 508, 510, 511, 513, 517, 518], "excluded_lines": []}, "": {"executed_lines": [1, 14, 15, 16, 17, 18, 19, 20, 21, 22, 24, 32, 33, 34, 36, 37, 38, 39, 40, 42, 51, 52, 61, 68, 69, 70, 72, 73, 74, 75, 76, 78, 87, 88, 103, 104, 105, 108, 109, 110, 113, 114, 117, 120, 121, 124, 132, 133, 143, 179, 187, 195, 228, 263, 280, 291, 305, 317, 366, 412, 430, 434, 456, 462, 467, 490, 525, 542], "summary": {"covered_lines": 63, "num_statements": 76, "percent_covered": 82.89473684210526, "percent_covered_display": "82.89", "missing_lines": 13, "excluded_lines": 0, "percent_statements_covered": 82.89473684210526, "percent_statements_covered_display": "82.89"}, "missing_lines": [554, 556, 557, 558, 559, 560, 561, 562, 564, 565, 568, 569, 571], "excluded_lines": []}}}, "src/core/cost_tracker.py": {"executed_lines": [1, 14, 15, 16, 17, 18, 19, 20, 22, 30, 52, 53, 54, 56, 57, 58, 59, 60, 61, 62, 63, 65, 77, 78, 91, 92, 93, 95, 96, 97, 98, 99, 100, 102, 103, 106, 107, 112, 129, 130, 131, 133, 134, 135, 136, 139, 140, 166, 196, 201, 213, 222, 253, 300, 317, 349, 382, 447, 478], "summary": {"covered_lines": 54, "num_statements": 172, "percent_covered": 31.3953488372093, "percent_covered_display": "31.40", "missing_lines": 118, "excluded_lines": 0, "percent_statements_covered": 31.3953488372093, "percent_statements_covered_display": "31.40"}, "missing_lines": [66, 79, 104, 108, 109, 110, 113, 182, 183, 184, 185, 186, 189, 190, 193, 194, 198, 199, 203, 204, 205, 206, 207, 210, 211, 215, 216, 220, 237, 238, 240, 241, 242, 243, 245, 246, 248, 249, 251, 274, 276, 288, 289, 292, 294, 298, 302, 303, 305, 306, 308, 324, 326, 327, 328, 329, 330, 331, 332, 333, 335, 337, 338, 340, 351, 354, 355, 356, 358, 359, 360, 361, 366, 367, 368, 370, 371, 373, 395, 396, 398, 399, 401, 411, 412, 414, 415, 416, 420, 421, 427, 428, 430, 431, 432, 436, 440, 445, 449, 450, 451, 454, 455, 456, 457, 463, 464, 465, 466, 468, 480, 481, 482, 483, 485, 500, 501, 503], "excluded_lines": [], "functions": {"UsageRecord.to_dict": {"executed_lines": [], "summary": {"covered_lines": 0, "num_statements": 1, "percent_covered": 0.0, "percent_covered_display": "0.00", "missing_lines": 1, "excluded_lines": 0, "percent_statements_covered": 0.0, "percent_statements_covered_display": "0.00"}, "missing_lines": [66], "excluded_lines": []}, "UsageRecord.from_dict": {"executed_lines": [], "summary": {"covered_lines": 0, "num_statements": 1, "percent_covered": 0.0, "percent_covered_display": "0.00", "missing_lines": 1, "excluded_lines": 0, "percent_statements_covered": 0.0, "percent_statements_covered_display": "0.00"}, "missing_lines": [79], "excluded_lines": []}, "UsageStats.total_tokens": {"executed_lines": [], "summary": {"covered_lines": 0, "num_statements": 1, "percent_covered": 0.0, "percent_covered_display": "0.00", "missing_lines": 1, "excluded_lines": 0, "percent_statements_covered": 0.0, "percent_statements_covered_display": "0.00"}, "missing_lines": [104], "excluded_lines": []}, "UsageStats.avg_tokens_per_request": {"executed_lines": [], "summary": {"covered_lines": 0, "num_statements": 3, "percent_covered": 0.0, "percent_covered_display": "0.00", "missing_lines": 3, "excluded_lines": 0, "percent_statements_covered": 0.0, "percent_statements_covered_display": "0.00"}, "missing_lines": [108, 109, 110], "excluded_lines": []}, "UsageStats.to_dict": {"executed_lines": [], "summary": {"covered_lines": 0, "num_statements": 1, "percent_covered": 0.0, "percent_covered_display": "0.00", "missing_lines": 1, "excluded_lines": 0, "percent_statements_covered": 0.0, "percent_statements_covered_display": "0.00"}, "missing_lines": [113], "excluded_lines": []}, "CostTracker.__init__": {"executed_lines": [], "summary": {"covered_lines": 0, "num_statements": 9, "percent_covered": 0.0, "percent_covered_display": "0.00", "missing_lines": 9, "excluded_lines": 0, "percent_statements_covered": 0.0, "percent_statements_covered_display": "0.00"}, "missing_lines": [182, 183, 184, 185, 186, 189, 190, 193, 194], "excluded_lines": []}, "CostTracker._get_today_file": {"executed_lines": [], "summary": {"covered_lines": 0, "num_statements": 2, "percent_covered": 0.0, "percent_covered_display": "0.00", "missing_lines": 2, "excluded_lines": 0, "percent_statements_covered": 0.0, "percent_statements_covered_display": "0.00"}, "missing_lines": [198, 199], "excluded_lines": []}, "CostTracker._load_today_rec
[...]
": 45, "excluded_lines": 0, "percent_statements_covered": 0.0, "percent_statements_covered_display": "0.00"}, "missing_lines": [11, 12, 13, 14, 17, 27, 28, 29, 30, 31, 32, 33, 34, 35, 36, 37, 40, 50, 51, 52, 53, 54, 57, 67, 68, 69, 70, 71, 72, 73, 74, 75, 76, 79, 89, 90, 91, 92, 93, 94, 95, 96, 97, 98, 99], "excluded_lines": [], "functions": {"parse_pdf": {"executed_lines": [], "summary": {"covered_lines": 0, "num_statements": 11, "percent_covered": 0.0, "percent_covered_display": "0.00", "missing_lines": 11, "excluded_lines": 0, "percent_statements_covered": 0.0, "percent_statements_covered_display": "0.00"}, "missing_lines": [27, 28, 29, 30, 31, 32, 33, 34, 35, 36, 37], "excluded_lines": []}, "parse_docx": {"executed_lines": [], "summary": {"covered_lines": 0, "num_statements": 5, "percent_covered": 0.0, "percent_covered_display": "0.00", "missing_lines": 5, "excluded_lines": 0, "percent_statements_covered": 0.0, "percent_statements_covered_display": "0.00"}, "missing_lines": [50, 51, 52, 53, 54], "excluded_lines": []}, "parse_pptx": {"executed_lines": [], "summary": {"covered_lines": 0, "num_statements": 10, "percent_covered": 0.0, "percent_covered_display": "0.00", "missing_lines": 10, "excluded_lines": 0, "percent_statements_covered": 0.0, "percent_statements_covered_display": "0.00"}, "missing_lines": [67, 68, 69, 70, 71, 72, 73, 74, 75, 76], "excluded_lines": []}, "parse_xlsx": {"executed_lines": [], "summary": {"covered_lines": 0, "num_statements": 11, "percent_covered": 0.0, "percent_covered_display": "0.00", "missing_lines": 11, "excluded_lines": 0, "percent_statements_covered": 0.0, "percent_statements_covered_display": "0.00"}, "missing_lines": [89, 90, 91, 92, 93, 94, 95, 96, 97, 98, 99], "excluded_lines": []}, "": {"executed_lines": [], "summary": {"covered_lines": 0, "num_statements": 8, "percent_covered": 0.0, "percent_covered_display": "0.00", "missing_lines": 8, "excluded_lines": 0, "percent_statements_covered": 0.0, "percent_statements_covered_display": "0.00"}, "missing_lines": [11, 12, 13, 14, 17, 40, 57, 79], "excluded_lines": []}}, "classes": {"": {"executed_lines": [], "summary": {"covered_lines": 0, "num_statements": 45, "percent_covered": 0.0, "percent_covered_display": "0.00", "missing_lines": 45, "excluded_lines": 0, "percent_statements_covered": 0.0, "percent_statements_covered_display": "0.00"}, "missing_lines": [11, 12, 13, 14, 17, 27, 28, 29, 30, 31, 32, 33, 34, 35, 36, 37, 40, 50, 51, 52, 53, 54, 57, 67, 68, 69, 70, 71, 72, 73, 74, 75, 76, 79, 89, 90, 91, 92, 93, 94, 95, 96, 97, 98, 99], "excluded_lines": []}}}, "src/services/embeddings.py": {"executed_lines": [], "summary": {"covered_lines": 0, "num_statements": 50, "percent_covered": 0.0, "percent_covered_display": "0.00", "missing_lines": 50, "excluded_lines": 0, "percent_statements_covered": 0.0, "percent_statements_covered_display": "0.00"}, "missing_lines": [1, 2, 4, 6, 9, 10, 12, 18, 19, 20, 23, 24, 25, 26, 27, 28, 29, 30, 31, 34, 35, 36, 37, 38, 39, 40, 41, 42, 44, 45, 46, 47, 49, 50, 51, 52, 57, 58, 59, 60, 61, 63, 64, 65, 69, 70, 71, 72, 75, 76], "excluded_lines": [], "functions": {"RemoteEmbeddingFunction.__init__": {"executed_lines": [], "summary": {"covered_lines": 0, "num_statements": 20, "percent_covered": 0.0, "percent_covered_display": "0.00", "missing_lines": 20, "excluded_lines": 0, "percent_statements_covered": 0.0, "percent_statements_covered_display": "0.00"}, "missing_lines": [19, 20, 23, 24, 25, 26, 27, 28, 29, 30, 31, 34, 35, 36, 37, 38, 39, 40, 41, 42], "excluded_lines": []}, "RemoteEmbeddingFunction.__call__": {"executed_lines": [], "summary": {"covered_lines": 0, "num_statements": 21, "percent_covered": 0.0, "percent_covered_display": "0.00", "missing_lines": 21, "excluded_lines": 0, "percent_statements_covered": 0.0, "percent_statements_covered_display": "0.00"}, "missing_lines": [45, 46, 47, 49, 50, 51, 52, 57, 58, 59, 60, 61, 63, 64, 65, 69, 70, 71, 72, 75, 76], "excluded_lines": []}, "": {"executed_lines": [], "summary": {"covered_lines": 0, "num_statements": 9, "percent_covered": 0.0, "percent_covered_display": "0.00", "missing_lines": 9, "excluded_lines": 0, "percent_statements_covered": 0.0, "percent_statements_covered_display": "0.00"}, "missing_lines": [1, 2, 4, 6, 9, 10, 12, 18, 44], "excluded_lines": []}}, "classes": {"RemoteEmbeddingFunction": {"executed_lines": [], "summary": {"covered_lines": 0, "num_statements": 41, "percent_covered": 0.0, "percent_covered_display": "0.00", "missing_lines": 41, "excluded_lines": 0, "percent_statements_covered": 0.0, "percent_statements_covered_display": "0.00"}, "missing_lines": [19, 20, 23, 24, 25, 26, 27, 28, 29, 30, 31, 34, 35, 36, 37, 38, 39, 40, 41, 42, 45, 46, 47, 49, 50, 51, 52, 57, 58, 59, 60, 61, 63, 64, 65, 69, 70, 71, 72, 75, 76], "excluded_lines": []}, "": {"executed_lines": [], "summary": {"covered_lines": 0, "num_statements": 9, "percent_covered": 0.0, "percent_covered_display": "0.00", "missing_lines": 9, "excluded_lines": 0, "percent_statements_covered": 0.0, "percent_statements_covered_display": "0.00"}, "missing_lines": [1, 2, 4, 6, 9, 10, 12, 18, 44], "excluded_lines": []}}}, "src/services/office.py": {"executed_lines": [], "summary": {"covered_lines": 0, "num_statements": 76, "percent_covered": 0.0, "percent_covered_display": "0.00", "missing_lines": 76, "excluded_lines": 0, "percent_statements_covered": 0.0, "percent_statements_covered_display": "0.00"}, "missing_lines": [10, 11, 13, 14, 15, 16, 18, 19, 20, 21, 23, 24, 25, 26, 29, 41, 42, 44, 45, 47, 48, 50, 51, 52, 54, 55, 56, 57, 60, 72, 73, 75, 76, 77, 78, 80, 81, 83, 84, 85, 86, 89, 101, 102, 104, 105, 107, 108, 109, 110, 112, 113, 114, 116, 117, 118, 119, 122, 134, 135, 137, 138, 140, 142, 143, 146, 147, 150, 151, 152, 153, 154, 156, 157, 158, 159], "excluded_lines": [], "functions": {"create_docx": {"executed_lines": [], "summary": {"covered_lines": 0, "num_statements": 13, "percent_covered": 0.0, "percent_covered_display": "0.00", "missing_lines": 13, "excluded_lines": 0, "percent_statements_covered": 0.0, "percent_statements_covered_display": "0.00"}, "missing_lines": [41, 42, 44, 45, 47, 48, 50, 51, 52, 54, 55, 56, 57], "excluded_lines": []}, "create_xlsx": {"executed_lines": [], "summary": {"covered_lines": 0, "num_statements": 12, "percent_covered": 0.0, "percent_covered_display": "0.00", "missing_lines": 12, "excluded_lines": 0, "percent_statements_covered": 0.0, "percent_statements_covered_display": "0.00"}, "missing_lines": [72, 73, 75, 76, 77, 78, 80, 81, 83, 84, 85, 86], "excluded_lines": []}, "add_sheet_xlsx": {"executed_lines": [], "summary": {"covered_lines": 0, "num_statements": 15, "percent_covered": 0.0, "percent_covered_display": "0.00", "missing_lines": 15, "excluded_lines": 0, "percent_statements_covered": 0.0, "percent_statements_covered_display": "0.00"}, "missing_lines": [101, 102, 104, 105, 107, 108, 109, 110, 112, 113, 114, 116, 117, 118, 119], "excluded_lines": []}, "create_pptx": {"executed_lines": [], "summary": {"covered_lines": 0, "num_statements": 18, "percent_covered": 0.0, "percent_covered_display": "0.00", "missing_lines": 18, "excluded_lines": 0, "percent_statements_covered": 0.0, "percent_statements_covered_display": "0.00"}, "missing_lines": [134, 135, 137, 138, 140, 142, 143, 146, 147, 150, 151, 152, 153, 154, 156, 157, 158, 159], "excluded_lines": []}, "": {"executed_lines": [], "summary": {"covered_lines": 0, "num_statements": 18, "percent_covered": 0.0, "percent_covered_display": "0.00", "missing_lines": 18, "excluded_lines": 0, "percent_statements_covered": 0.0, "percent_statements_covered_display": "0.00"}, "missing_lines": [10, 11, 13, 14, 15, 16, 18, 19, 20, 21, 23, 24, 25, 26, 29, 60, 89, 122], "excluded_lines": []}}, "classes": {"": {"executed_lines": [], "summary": {"covered_lines": 0, "num_statements": 76, "percent_covered": 0.0, "percent_covered_display": "0.00", "missing_lines": 76, "excluded_lines": 0, "percent_statements_covered": 0.0, "percent_statements_covered_display": "0.00"}, "missing_lines": [10, 11, 13, 14, 15, 16, 18, 19, 20, 21, 23, 24, 25, 26, 29, 41, 42, 44, 45, 47, 48, 50, 51, 52, 54, 55, 56, 57, 60, 72, 73, 75, 76, 77, 78, 80, 81, 83, 84, 85, 86, 89, 101, 102, 104, 105, 107, 108, 109, 110, 112, 113, 114, 116, 117, 118, 119, 122, 134, 135, 137, 138, 140, 142, 143, 146, 147, 150, 151, 152, 153, 154, 156, 157, 158, 159], "excluded_lines": []}}}, "src/services/outline.py": {"executed_lines": [], "summary": {"covered_lines": 0, "num_statements": 62, "percent_covered": 0.0, "percent_covered_display": "0.00", "missing_lines": 62, "excluded_lines": 0, "percent_statements_covered": 0.0, "percent_statements_covered_display": "0.00"}, "missing_lines": [1, 2, 3, 6, 11, 13, 14, 15, 17, 18, 19, 20, 23, 24, 30, 31, 34, 35, 36, 37, 38, 40, 42, 43, 44, 45, 46, 47, 48, 50, 51, 52, 53, 54, 56, 57, 58, 59, 61, 62, 63, 64, 66, 67, 68, 69, 70, 71, 72, 74, 75, 77, 80, 82, 85, 91, 92, 93, 94, 96, 97, 99], "excluded_lines": [], "functions": {"parse_outline": {"executed_lines": [], "summary": {"covered_lines": 0, "num_statements": 12, "percent_covered": 0.0, "percent_covered_display": "0.00", "missing_lines": 12, "excluded_lines": 0, "percent_statements_covered": 0.0, "percent_statements_covered_display": "0.00"}, "missing_lines": [11, 13, 14, 15, 17, 18, 19, 20, 23, 24, 30, 31], "excluded_lines": []}, "_parse_python": {"executed_lines": [], "summary": {"covered_lines": 0, "num_statements": 29, "percent_covered": 0.0, "percent_covered_display": "0.00", "missing_lines": 29, "excluded_lines": 0, "percent_statements_covered": 0.0, "percent_statements_covered_display": "0.00"}, "missing_lines": [35, 36, 37, 38, 40, 42, 50, 51, 52, 53, 54, 56, 57, 58, 59, 61, 62, 63, 64, 66, 67, 68, 69, 70, 71, 72, 74, 75, 77], "excluded_lines": []}, "_parse_python.get_args": {"executed_lines": [], "summary": {"covered_lines": 0, "num_statements": 6, "percent_covered": 0.0, "percent_covered_display": "0.00", "missing_lines": 6, "excluded_lines": 0, "percent_statements_covered": 0.0, "percent_statements_covered_display": "0.00"}, "missing_lines": [43, 44, 45, 46, 47, 48], "excluded_lines": []}, "_parse_javascript": {"executed_lines": [], "summary": {"covered_lines": 0, "num_statements": 9, "percent_covered": 0.0, "percent_covered_display": "0.00", "missing_lines": 9, "excluded_lines": 0, "percent_statements_covered": 0.0, "percent_statements_covered_display": "0.00"}, "missing_lines": [82, 85, 91, 92, 93, 94, 96, 97, 99], "excluded_lines": []}, "": {"executed_lines": [], "summary": {"covered_lines": 0, "num_statements": 6, "percent_covered": 0.0, "percent_covered_display": "0.00", "missing_lines": 6, "excluded_lines": 0, "percent_statements_covered": 0.0, "percent_statements_covered_display": "0.00"}, "missing_lines": [1, 2, 3, 6, 34, 80], "excluded_lines": []}}, "classes": {"": {"executed_lines": [], "summary": {"covered_lines": 0, "num_statements": 62, "percent_covered": 0.0, "percent_covered_display": "0.00", "missing_lines": 62, "excluded_lines": 0, "percent_statements_covered": 0.0, "percent_statements_covered_display": "0.00"}, "missing_lines": [1, 2, 3, 6, 11, 13, 14, 15, 17, 18, 19, 20, 23, 24, 30, 31, 34, 35, 36, 37, 38, 40, 42, 43, 44, 45, 46, 47, 48, 50, 51, 52, 53, 54, 56, 57, 58, 59, 61, 62, 63, 64, 66, 67, 68, 69, 70, 71, 72, 74, 75, 77, 80, 82, 85, 91, 92, 93, 94, 96, 97, 99], "excluded_lines": []}}}, "src/services/vision.py": {"executed_lines": [], "summary": {"covered_lines": 0, "num_statements": 75, "percent_covered": 0.0, "percent_covered_display": "0.00", "missing_lines": 75, "excluded_lines": 0, "percent_statements_covered": 0.0, "percent_statements_covered_display": "0.00"}, "missing_lines": [1, 2, 3, 4, 6, 7, 8, 11, 14, 17, 18, 20, 23, 26, 27, 28, 29, 31, 32, 33, 34, 35, 37, 38, 41, 42, 49, 52, 63, 64, 65, 66, 67, 68, 69, 70, 71, 72, 75, 78, 79, 80, 81, 83, 85, 86, 88, 90, 91, 98, 100, 101, 102, 103, 104, 105, 106, 122, 123, 124, 125, 126, 127, 128, 129, 130, 131, 134, 135, 136, 137, 138, 141, 144, 145], "excluded_lines": [], "functions": {"VisionAdapter.process": {"executed_lines": [], "summary": {"covered_lines": 0, "num_statements": 1, "percent_covered": 0.0, "percent_covered_display": "0.00", "missing_lines": 1, "excluded_lines": 0, "percent_statements_covered": 0.0, "percent_statements_covered_display": "0.00"}, "missing_lines": [20], "excluded_lines": []}, "GoogleAdapter.__init__": {"executed_lines": [], "summary": {"covered_lines": 0, "num_statements": 3, "percent_covered": 0.0, "percent_covered_display": "0.00", "missing_lines": 3, "excluded_lines": 0, "percent_statements_covered": 0.0, "percent_statements_covered_display": "0.00"}, "missing_lines": [27, 28, 29], "excluded_lines": []}, "GoogleAdapter.process": {"executed_lines": [], "summary": {"covered_lines": 0, "num_statements": 20, "percent_covered": 0.0, "percent_covered_display": "0.00", "missing_lines": 20, "excluded_lines": 0, "percent_statements_covered": 0.0, "percent_statements_covered_display": "0.00"}, "missing_lines": [32, 33, 34, 35, 37, 38, 41, 42, 49, 52, 63, 64, 65, 66, 67, 68, 69, 70, 71, 72], "excluded_lines": []}, "OpenAIAdapter.__init__": {"executed_lines": [], "summary": {"covered_lines": 0, "num_statements": 3, "percent_covered": 0.0, "percent_covered_display": "0.00", "missing_lines": 3, "excluded_lines": 0, "percent_statements_covered": 0.0, "percent_statements_covered_display": "0.00"}, "missing_lines": [79, 80, 81], "excluded_lines": []}, "OpenAIAdapter._encode_image": {"executed_lines": [], "summary": {"covered_lines": 0, "num_statements": 2, "percent_covered": 0.0, "percent_covered_display": "0.00", "missing_lines": 2, "excluded_lines": 0, "percent_statements_covered": 0.0, "percent_statements_covered_display": "0.00"}, "missing_lines": [85, 86], "excluded_lines": []}, "OpenAIAdapter._get_mime_type": {"executed_lines": [], "summary": {"covered_lines": 0, "num_statements": 3, "percent_covered": 0.0, "percent_covered_display": "0.00", "missing_lines": 3, "excluded_lines": 0, "percent_statements_covered": 0.0, "percent_statements_covered_display": "0.00"}, "missing_lines": [90, 91, 98], "excluded_lines": []}, "OpenAIAdapter.process": {"executed_lines": [], "summary": {"covered_lines": 0, "num_statements": 16, "percent_covered": 0.0, "percent_covered_display": "0.00", "missing_lines": 16, "excluded_lines": 0, "percent_statements_covered": 0.0, "percent_statements_covered_display": "0.00"}, "missing_lines": [101, 102, 103, 104, 105, 106, 122, 123, 124, 125, 126, 127, 128, 129, 130, 131], "excluded_lines": []}, "get_vision_adapter": {"executed_lines": [], "summary": {"covered_lines": 0, "num_statements": 4, "percent_covered": 0.0, "percent_covered_display": "0.00", "missing_lines": 4, "excluded_lines": 0, "percent_statements_covered": 0.0, "percent_statements_covered_display": "0.00"}, "missing_lines": [135, 136, 137, 138], "excluded_lines": []}, "process_image": {"executed_lines": [], "summary": {"covered_lines": 0, "num_statements": 2, "percent_covered": 0.0, "percent_covered_display": "0.00", "missing_lines": 2, "excluded_lines": 0, "percent_statements_covered": 0.0, "percent_statements_covered_display": "0.00"}, "missing_lines": [144, 145], "excluded_lines": []}, "": {"executed_lines": [], "summary": {"covered_lines": 0, "num_statements": 21, "percent_covered": 0.0, "percent_covered_display": "0.00", "missing_lines": 21, "excluded_lines": 0, "percent_statements_covered": 0.0, "percent_statements_covered_display": "0.00"}, "missing_lines": [1, 2, 3, 4, 6, 7, 8, 11, 14, 17, 18, 23, 26, 31, 75, 78, 83, 88, 100, 134, 141], "excluded_lines": []}}, "classes": {"VisionAdapter": {"executed_lines": [], "summary": {"covered_lines": 0, "num_statements": 1, "percent_covered": 0.0, "percent_covered_display": "0.00", "missing_lines": 1, "excluded_lines": 0, "percent_statements_covered": 0.0, "percent_statements_covered_display": "0.00"}, "missing_lines": [20], "excluded_lines": []}, "GoogleAdapter": {"executed_lines": [], "summary": {"covered_lines": 0, "num_statements": 23, "percent_covered": 0.0, "percent_covered_display": "0.00", "missing_lines": 23, "excluded_lines": 0, "percent_statements_covered": 0.0, "percent_statements_covered_display": "0.00"}, "missing_lines": [27, 28, 29, 32, 33, 34, 35, 37, 38, 41, 42, 49, 52, 63, 64, 65, 66, 67, 68, 69, 70, 71, 72], "excluded_lines": []}, "OpenAIAdapter": {"executed_lines": [], "summary": {"covered_lines": 0, "num_statements": 24, "percent_covered": 0.0, "percent_covered_display": "0.00", "missing_lines": 24, "excluded_lines": 0, "percent_statements_covered": 0.0, "percent_statements_covered_display": "0.00"}, "missing_lines": [79, 80, 81, 85, 86, 90, 91, 98, 101, 102, 103, 104, 105, 106, 122, 123, 124, 125, 126, 127, 128, 129, 130, 131], "excluded_lines": []}, "": {"executed_lines": [], "summary": {"covered_lines": 0, "num_statements": 27, "percent_covered": 0.0, "percent_covered_display": "0.00", "missing_lines": 27, "excluded_lines": 0, "percent_statements_covered": 0.0, "percent_statements_covered_display": "0.00"}, "missing_lines": [1, 2, 3, 4, 6, 7, 8, 11, 14, 17, 18, 23, 26, 31, 75, 78, 83, 88, 100, 134, 135, 136, 137, 138, 141, 144, 145], "excluded_lines": []}}}, "src/webui/__init__.py": {"executed_lines": [], "summary": {"covered_lines": 0, "num_statements": 2, "percent_covered": 0.0, "percent_covered_display": "0.00", "missing_lines": 2, "excluded_lines": 0, "percent_statements_covered": 0.0, "percent_statements_covered_display": "0.00"}, "missing_lines": [7, 9], "excluded_lines": [], "functions": {"": {"executed_lines": [], "summary": {"covered_lines": 0, "num_statements": 2, "percent_covered": 0.0, "percent_covered_display": "0.00", "missing_lines": 2, "excluded_lines": 0, "percent_statements_covered": 0.0, "percent_statements_covered_display": "0.00"}, "missing_lines": [7, 9], "excluded_lines": []}}, "classes": {"": {"executed_lines": [], "summary": {"covered_lines": 0, "num_statements": 2, "percent_covered": 0.0, "percent_covered_display": "0.00", "missing_lines": 2, "excluded_lines": 0, "percent_statements_covered": 0.0, "percent_statements_covered_display": "0.00"}, "missing_lines": [7, 9], "excluded_lines": []}}}, "src/webui/server.py": {"executed_lines": [], "summary": {"covered_lines": 0, "num_statements": 23, "percent_covered": 0.0, "percent_covered_display": "0.00", "missing_lines": 23, "excluded_lines": 0, "percent_statements_covered": 0.0, "percent_statements_covered_display": "0.00"}, "missing_lines": [7, 8, 10, 11, 12, 14, 17, 18, 20, 27, 34, 43, 44, 45, 48, 49, 50, 53, 55, 57, 58, 66, 67], "excluded_lines": [], "functions": {"start_server": {"executed_lines": [], "summary": {"covered_lines": 0, "num_statements": 3, "percent_covered": 0.0, "percent_covered_display": "0.00", "missing_lines": 3, "excluded_lines": 0, "percent_statements_covered": 0.0, "percent_statements_covered_display": "0.00"}, "missing_lines": [55, 57, 58], "excluded_lines": []}, "": {"executed_lines": [], "summary": {"covered_lines": 0, "num_statements": 20, "percent_covered": 0.0, "percent_covered_display": "0.00", "missing_lines": 20, "excluded_lines": 0, "percent_statements_covered": 0.0, "percent_statements_covered_display": "0.00"}, "missing_lines": [7, 8, 10, 11, 12, 14, 17, 18, 20, 27, 34, 43, 44, 45, 48, 49, 50, 53, 66, 67], "excluded_lines": []}}, "classes": {"": {"executed_lines": [], "summary": {"covered_lines": 0, "num_statements": 23, "percent_covered": 0.0, "percent_covered_display": "0.00", "missing_lines": 23, "excluded_lines": 0, "percent_statements_covered": 0.0, "percent_statements_covered_display": "0.00"}, "missing_lines": [7, 8, 10, 11, 12, 14, 17, 18, 20, 27, 34, 43, 44, 45, 48, 49, 50, 53, 55, 57, 58, 66, 67], "excluded_lines": []}}}}, "totals": {"covered_lines": 3115, "num_statements": 12410, "percent_covered": 25.10072522159549, "percent_covered_display": "25.10", "missing_lines": 9295, "excluded_lines": 3, "percent_statements_covered": 25.10072522159549, "percent_statements_covered_display": "25.10"}}